#
# A fatal error has been detected by the Java Runtime Environment:
#
#  EXCEPTION_ACCESS_VIOLATION (0xc0000005) at pc=0x000001e340f41050, pid=25584, tid=15296
#
# JRE version: OpenJDK Runtime Environment Temurin-21.0.2+13 (21.0.2+13) (build 21.0.2+13-LTS)
# Java VM: OpenJDK 64-Bit Server VM Temurin-21.0.2+13 (21.0.2+13-LTS, mixed mode, emulated-client, sharing, tiered, compressed oops, compressed class ptrs, g1 gc, windows-amd64)
# Problematic frame:
# v  ~BufferBlob::MethodHandles adapters 0x000001e340f41050
#
# No core dump will be written. Minidumps are not enabled by default on client versions of Windows
#
# If you would like to submit a bug report, please visit:
#   https://github.com/adoptium/adoptium-support/issues
#

---------------  S U M M A R Y ------------

Command Line: -XX:+ShowCodeDetailsInExceptionMessages -agentlib:jdwp=transport=dt_socket,suspend=y,address=localhost:57206 -Dcom.sun.management.jmxremote -Dcom.sun.management.jmxremote.port=57205 -Dcom.sun.management.jmxremote.authenticate=false -Dcom.sun.management.jmxremote.ssl=false -Djava.rmi.server.hostname=localhost -Dspring.jmx.enabled=true -Dmanagement.endpoints.jmx.exposure.include=* -Dspring.application.admin.enabled=true -XX:TieredStopAtLevel=1 -Dspring.boot.project.name=WebAppSpring -javaagent:C:\pleiades\2024-03\eclipse\configuration\org.eclipse.osgi\251\0\.cp\lib\javaagent-shaded.jar -Dfile.encoding=UTF-8 -Dstdout.encoding=UTF-8 -Dstderr.encoding=UTF-8 webapp.WebAppSpringApplication --spring.output.ansi.enabled=always

Host: 13th Gen Intel(R) Core(TM) i7-1355U, 12 cores, 15G,  Windows 11 , 64 bit Build 22621 (10.0.22621.3527)
Time: Wed May 22 21:54:29 2024  Windows 11 , 64 bit Build 22621 (10.0.22621.3527) elapsed time: 107.755389 seconds (0d 0h 1m 47s)

---------------  T H R E A D  ---------------

Current thread (0x000001e391a1ee10):  JavaThread "restartedMain"        [_thread_in_Java, id=15296, stack(0x00000017ccd00000,0x00000017cce00000) (1024K)]

Stack: [0x00000017ccd00000,0x00000017cce00000],  sp=0x00000017ccdfddb8,  free space=1015k
Native frames: (J=compiled Java code, j=interpreted, Vv=VM code, C=native code)
C  0x000001e340f41050

The last pc belongs to _linkToSpecial (printed below).

siginfo: EXCEPTION_ACCESS_VIOLATION (0xc0000005), reading address 0xffffffffffffffff


Registers:
RAX=0x000001e340f19086, RBX=0xe10c707600000001, RCX=0x00000017ccdfddc0, RDX=0x0000000000000002
RSP=0x00000017ccdfddb8, RBP=0x00000017ccdfde08, RSI=0x000001e338848568, RDI=0x000001e39274fa90
R8 =0x0000000000000004, R9 =0x0000000000000004, R10=0x00007fffb01d2ab0, R11=0x000001e34c0b6430
R12=0x0000000000000000, R13=0x00000017ccdfddb8, R14=0x00000017ccdfde28, R15=0x000001e391a1ee10
RIP=0x000001e340f41050, EFLAGS=0x0000000000010202


Register to memory mapping:

RAX=0x000001e340f19086 is at code_begin+3078 in an Interpreter codelet
return entry points  [0x000001e340f18480, 0x000001e340f1a298]  7704 bytes
RBX=0xe10c707600000001 is an unknown value
RCX=0x00000017ccdfddc0 is pointing into the stack for thread: 0x000001e391a1ee10
RDX=0x0000000000000002 is an unknown value
RSP=0x00000017ccdfddb8 is pointing into the stack for thread: 0x000001e391a1ee10
RBP=0x00000017ccdfde08 is pointing into the stack for thread: 0x000001e391a1ee10
RSI=0x000001e338848568 points into unknown readable memory: 0x880029005c18d688 | 88 d6 18 5c 00 29 00 88
RDI=0x000001e39274fa90 points into unknown readable memory: 0x0000001800000070 | 70 00 00 00 18 00 00 00
R8 =0x0000000000000004 is an unknown value
R9 =0x0000000000000004 is an unknown value
R10=0x00007fffb01d2ab0 jvm.dll
R11={method} {0x000001e34c0b6438} 'newInvokeSpecial' '(Ljava/lang/Object;)Ljava/lang/Object;' in 'java/lang/invoke/DirectMethodHandle$Holder'
R12=0x0 is null
R13=0x00000017ccdfddb8 is pointing into the stack for thread: 0x000001e391a1ee10
R14=0x00000017ccdfde28 is pointing into the stack for thread: 0x000001e391a1ee10
R15=0x000001e391a1ee10 is a thread

Top of Stack: (sp=0x00000017ccdfddb8)
0x00000017ccdfddb8:   000001e340f19086 00000017ccdfddc0
0x00000017ccdfddc8:   000001e34c72d03f 0000000000000004
0x00000017ccdfddd8:   000001e34c0b18e8 000000070ab65298
0x00000017ccdfdde8:   0000000705d1f020 000001e34c0b6430
0x00000017ccdfddf8:   00000017ccdfddb8 00000017ccdfde30
0x00000017ccdfde08:   00000017ccdfe1a0 000001e34133cccb
0x00000017ccdfde18:   00000007086382b8 0000000708638360
0x00000017ccdfde28:   0000000708638318 00000007086380c8
0x00000017ccdfde38:   00007fffaf6c85b8 00000017ccdfe1a0
0x00000017ccdfde48:   000001e34189318c 0000000000000000
0x00000017ccdfde58:   0000000000000000 00000017ccdfba30
0x00000017ccdfde68:   00000017ccdfac28 000001e391c2fa90
0x00000017ccdfde78:   000000000000000a 00007fffaff24288
0x00000017ccdfde88:   000001e391a1ee10 000001e391a1ee10
0x00000017ccdfde98:   00000017ccdfb690 0000000000000018
0x00000017ccdfdea8:   0000000705d1e0e8 000000070ab65298
0x00000017ccdfdeb8:   0000000708637f90 0000000708637f90
0x00000017ccdfdec8:   00000007086380c8 0000000708638348
0x00000017ccdfded8:   0000000708638120 000000070ab65298
0x00000017ccdfdee8:   0000000000000001 00000017ccdfe1a0
0x00000017ccdfdef8:   000001e300000000 0000000000000000
0x00000017ccdfdf08:   0000000000000000 0000000708638318
0x00000017ccdfdf18:   000001e34133e8dc 0000000000000000
0x00000017ccdfdf28:   0000000000000000 0000000000000000
0x00000017ccdfdf38:   0000000708635c00 000001e391a1ee10
0x00000017ccdfdf48:   0000000000000000 00000007086380c8
0x00000017ccdfdf58:   0000000000000000 0000000708637f90
0x00000017ccdfdf68:   0000000708638348 00000007086380c8
0x00000017ccdfdf78:   0000000000000000 0000000708638000
0x00000017ccdfdf88:   000001e34133c1ec 00000017ccdfe1a0
0x00000017ccdfdf98:   000001e34133a8ea 0000000000000000
0x00000017ccdfdfa8:   000001e34128eea9 000001e391a1ee10 

Instructions: (pc=0x000001e340f41050)
0x000001e340f40f50:   bf e0 05 00 00 00 74 03 ff 63 38 ff 63 50 e9 9d
0x000001e340f40f60:   16 00 00 66 66 66 0f 1f 84 00 00 00 00 00 66 66
0x000001e340f40f70:   66 90 66 66 0f 1f 84 00 00 00 00 00 66 66 66 90
0x000001e340f40f80:   48 8b 53 08 0f b7 52 2e 48 8b 0c d4 58 5b 50 44
0x000001e340f40f90:   8b 51 08 49 bb 00 00 00 4c e3 01 00 00 4d 03 d3
0x000001e340f40fa0:   4c 8b 5b 10 4b 8b 9c da c8 01 00 00 48 85 db 0f
0x000001e340f40fb0:   84 10 00 00 00 41 80 bf e0 05 00 00 00 74 03 ff
0x000001e340f40fc0:   63 38 ff 63 50 e9 36 16 00 00 66 66 66 0f 1f 84
0x000001e340f40fd0:   00 00 00 00 00 66 66 66 90 0f 1f 80 00 00 00 00
0x000001e340f40fe0:   58 5b 50 8b 5b 24 48 c1 e3 03 48 8b 5b 10 48 85
0x000001e340f40ff0:   db 0f 84 10 00 00 00 41 80 bf e0 05 00 00 00 74
0x000001e340f41000:   03 ff 63 38 ff 63 50 e9 f4 15 00 00 66 66 66 0f
0x000001e340f41010:   1f 84 00 00 00 00 00 66 66 66 90 0f 1f 44 00 00
0x000001e340f41020:   48 8b 53 08 0f b7 52 2e 48 8b 0c d4 58 5b 50 48
0x000001e340f41030:   3b 01 8b 5b 24 48 c1 e3 03 48 8b 5b 10 48 85 db
0x000001e340f41040:   0f 84 10 00 00 00 41 80 bf e0 05 00 00 00 74 03
0x000001e340f41050:   ff 63 38 ff 63 50 e9 a5 15 00 00 0f 1f 44 00 00
0x000001e340f41060:   48 8b 53 08 0f b7 52 2e 48 8b 0c d4 58 5b 50 44
0x000001e340f41070:   8b 51 08 49 bb 00 00 00 4c e3 01 00 00 4d 03 d3
0x000001e340f41080:   8b 43 18 48 c1 e0 03 48 8b 40 10 48 8b 5b 10 45
0x000001e340f41090:   8b 9a a0 00 00 00 4f 8d 9c da c8 01 00 00 4d 8d
0x000001e340f410a0:   14 da 49 8b 1b 48 3b c3 74 15 48 85 db 0f 84 32
0x000001e340f410b0:   00 00 00 49 83 c3 10 49 8b 1b 48 3b c3 75 eb 45
0x000001e340f410c0:   8b 5b 08 4b 8b 1c 1a 48 85 db 0f 84 10 00 00 00
0x000001e340f410d0:   41 80 bf e0 05 00 00 00 74 03 ff 63 38 ff 63 50
0x000001e340f410e0:   e9 1b 15 00 00 e9 16 12 00 00 f4 00 00 00 00 00
0x000001e340f410f0:   00 00 00 00 00 00 00 00 00 00 00 00 00 00 00 00
0x000001e340f41100:   00 00 00 00 00 00 00 00 00 00 00 00 00 00 00 00
0x000001e340f41110:   00 00 00 00 00 00 00 00 00 00 00 00 00 00 00 00
0x000001e340f41120:   00 00 00 00 00 00 00 00 00 00 00 00 00 00 00 00
0x000001e340f41130:   00 00 00 00 00 00 00 00 00 00 00 00 00 00 00 00
0x000001e340f41140:   00 00 00 00 00 00 00 00 00 00 00 00 00 00 00 00 


Stack slot to memory mapping:

stack at sp + 0 slots: 0x000001e340f19086 is at code_begin+3078 in an Interpreter codelet
return entry points  [0x000001e340f18480, 0x000001e340f1a298]  7704 bytes
stack at sp + 1 slots: 0x00000017ccdfddc0 is pointing into the stack for thread: 0x000001e391a1ee10
stack at sp + 2 slots: 0x000001e34c72d03f is pointing into metadata
stack at sp + 3 slots: 0x0000000000000004 is an unknown value
stack at sp + 4 slots: 0x000001e34c0b18e8 is pointing into metadata
stack at sp + 5 slots: 0x000000070ab65298 is an oop: java.lang.Class 
{0x000000070ab65298} - klass: 'java/lang/Class'
 - ---- fields (total size 14 words):
 - private volatile transient 'classRedefinedCount' 'I' @12  1 (0x00000001)
 - injected 'klass' 'J' @16  2075770440712 (0x000001e34d8f4c08)
 - injected 'array_klass' 'J' @24  0 (0x0000000000000000)
 - injected 'oop_size' 'I' @32  14 (0x0000000e)
 - injected 'static_oop_field_count' 'I' @36  0 (0x00000000)
 - private volatile transient 'cachedConstructor' 'Ljava/lang/reflect/Constructor;' @40  null (0x00000000)
 - private transient 'name' 'Ljava/lang/String;' @44  "webapp.controller.TaskListController"{0x000000070602a1d0} (0xe0c0543a)
 - private transient 'module' 'Ljava/lang/Module;' @48  a 'java/lang/Module'{0x000000070b00fb08} (0xe1601f61)
 - private final 'classLoader' 'Ljava/lang/ClassLoader;' @52  a 'org/springframework/boot/devtools/restart/classloader/RestartClassLoader'{0x000000070b00f978} (0xe1601f2f)
 - private transient 'classData' 'Ljava/lang/Object;' @56  null (0x00000000)
 - private transient 'packageName' 'Ljava/lang/String;' @60  "webapp.controller"{0x00000007067445a0} (0xe0ce88b4)
 - private final 'componentType' 'Ljava/lang/Class;' @64  null (0x00000000)
 - private volatile transient 'reflectionData' 'Ljava/lang/ref/SoftReference;' @68  a 'java/lang/ref/SoftReference'{0x0000000709bc9d38} (0xe13793a7)
 - private volatile transient 'genericInfo' 'Lsun/reflect/generics/repository/ClassRepository;' @72  null (0x00000000)
 - private volatile transient 'enumConstants' '[Ljava/lang/Object;' @76  null (0x00000000)
 - private volatile transient 'enumConstantDirectory' 'Ljava/util/Map;' @80  null (0x00000000)
 - private volatile transient 'annotationData' 'Ljava/lang/Class$AnnotationData;' @84  a 'java/lang/Class$AnnotationData'{0x0000000709bca8c8} (0xe1379519)
 - private volatile transient 'annotationType' 'Lsun/reflect/annotation/AnnotationType;' @88  null (0x00000000)
 - transient 'classValueMap' 'Ljava/lang/ClassValue$ClassValueMap;' @92  null (0x00000000)
 - injected 'protection_domain' 'Ljava/lang/Object;' @96  a 'java/security/ProtectionDomain'{0x000000070b0298a8} (0xe1605315)
 - injected 'signers_name' 'Ljava/lang/Object;' @100  null (0x00000000)
 - injected 'source_file' 'Ljava/lang/Object;' @104  null (0x00000000)
 - signature: Lwebapp/controller/TaskListController;
 - ---- static fields (0):
stack at sp + 6 slots: 0x0000000705d1f020 is an oop: java.lang.Class 
{0x0000000705d1f020} - klass: 'java/lang/Class'
 - ---- fields (total size 14 words):
 - private volatile transient 'classRedefinedCount' 'I' @12  0 (0x00000000)
 - injected 'klass' 'J' @16  2075744998584 (0x000001e34c0b14b8)
 - injected 'array_klass' 'J' @24  0 (0x0000000000000000)
 - injected 'oop_size' 'I' @32  14 (0x0000000e)
 - injected 'static_oop_field_count' 'I' @36  0 (0x00000000)
 - private volatile transient 'cachedConstructor' 'Ljava/lang/reflect/Constructor;' @40  null (0x00000000)
 - private transient 'name' 'Ljava/lang/String;' @44  null (0x00000000)
 - private transient 'module' 'Ljava/lang/Module;' @48  a 'java/lang/Module'{0x0000000705d138f0} (0xe0ba271e)
 - private final 'classLoader' 'Ljava/lang/ClassLoader;' @52  null (0x00000000)
 - private transient 'classData' 'Ljava/lang/Object;' @56  null (0x00000000)
 - private transient 'packageName' 'Ljava/lang/String;' @60  null (0x00000000)
 - private final 'componentType' 'Ljava/lang/Class;' @64  null (0x00000000)
 - private volatile transient 'reflectionData' 'Ljava/lang/ref/SoftReference;' @68  null (0x00000000)
 - private volatile transient 'genericInfo' 'Lsun/reflect/generics/repository/ClassRepository;' @72  null (0x00000000)
 - private volatile transient 'enumConstants' '[Ljava/lang/Object;' @76  null (0x00000000)
 - private volatile transient 'enumConstantDirectory' 'Ljava/util/Map;' @80  null (0x00000000)
 - private volatile transient 'annotationData' 'Ljava/lang/Class$AnnotationData;' @84  null (0x00000000)
 - private volatile transient 'annotationType' 'Lsun/reflect/annotation/AnnotationType;' @88  null (0x00000000)
 - transient 'classValueMap' 'Ljava/lang/ClassValue$ClassValueMap;' @92  null (0x00000000)
 - injected 'protection_domain' 'Ljava/lang/Object;' @96  null (0x00000000)
 - injected 'signers_name' 'Ljava/lang/Object;' @100  null (0x00000000)
 - injected 'source_file' 'Ljava/lang/Object;' @104  null (0x00000000)
 - signature: Ljava/lang/invoke/DirectMethodHandle$Holder;
 - ---- static fields (0):
stack at sp + 7 slots: {method} {0x000001e34c0b6438} 'newInvokeSpecial' '(Ljava/lang/Object;)Ljava/lang/Object;' in 'java/lang/invoke/DirectMethodHandle$Holder'

MethodHandle::interpreter_entry::_linkToSpecial [0x000001e340f4100c, 0x000001e340f4105b] (79 bytes)
[MachCode]
  0x000001e340f4100c: 6666 660f | 1f84 0000 | 0000 0066 | 6666 900f | 1f44 0000 | 488b 5308 | 0fb7 522e | 488b 0cd4 
  0x000001e340f4102c: 585b 5048 | 3b01 8b5b | 2448 c1e3 | 0348 8b5b | 1048 85db | 0f84 1000 | 0000 4180 | bfe0 0500 
  0x000001e340f4104c: 0000 7403 | ff63 38ff | 6350 e9a5 | 
[/MachCode]

---------------  P R O C E S S  ---------------

Threads class SMR info:
_java_thread_list=0x000001e3910908f0, length=34, elements={
0x000001e34bd22720, 0x000001e34bd238d0, 0x000001e34bd25800, 0x000001e34bd26720,
0x000001e34bd2a400, 0x000001e34bd2ae60, 0x000001e34bd2b8c0, 0x000001e391073320,
0x000001e39114a330, 0x000001e391172ce0, 0x000001e391173b70, 0x000001e39195ea40,
0x000001e391b680c0, 0x000001e391c0df40, 0x000001e391c196d0, 0x000001e392080ce0,
0x000001e3920b7430, 0x000001e3920b7ac0, 0x000001e391d417c0, 0x000001e391d43890,
0x000001e391a1b300, 0x000001e391a1b990, 0x000001e391a19f50, 0x000001e391a1cd40,
0x000001e391a1da60, 0x000001e391a1ee10, 0x000001e392088300, 0x000001e39306f430,
0x000001e39287a820, 0x000001e391a1c020, 0x000001e391a1e780, 0x000001e391a1c6b0,
0x000001e391a1d3d0, 0x000001e391a1e0f0
}

Java Threads: ( => current thread )
  0x000001e34bd22720 JavaThread "Reference Handler"          daemon [_thread_blocked, id=25024, stack(0x00000017cc400000,0x00000017cc500000) (1024K)]
  0x000001e34bd238d0 JavaThread "Finalizer"                  daemon [_thread_blocked, id=14444, stack(0x00000017cc500000,0x00000017cc600000) (1024K)]
  0x000001e34bd25800 JavaThread "Signal Dispatcher"          daemon [_thread_blocked, id=25020, stack(0x00000017cc600000,0x00000017cc700000) (1024K)]
  0x000001e34bd26720 JavaThread "Attach Listener"            daemon [_thread_blocked, id=1180, stack(0x00000017cc700000,0x00000017cc800000) (1024K)]
  0x000001e34bd2a400 JavaThread "Service Thread"             daemon [_thread_blocked, id=5656, stack(0x00000017cc800000,0x00000017cc900000) (1024K)]
  0x000001e34bd2ae60 JavaThread "Monitor Deflation Thread"   daemon [_thread_blocked, id=15088, stack(0x00000017cc900000,0x00000017cca00000) (1024K)]
  0x000001e34bd2b8c0 JavaThread "C1 CompilerThread0"         daemon [_thread_blocked, id=7176, stack(0x00000017cca00000,0x00000017ccb00000) (1024K)]
  0x000001e391073320 JavaThread "Common-Cleaner"             daemon [_thread_blocked, id=13968, stack(0x00000017ccb00000,0x00000017ccc00000) (1024K)]
  0x000001e39114a330 JavaThread "JDWP Transport Listener: dt_socket" daemon [_thread_blocked, id=20336, stack(0x00000017ccf00000,0x00000017cd000000) (1024K)]
  0x000001e391172ce0 JavaThread "JDWP Event Helper Thread"   daemon [_thread_blocked, id=20420, stack(0x00000017cd000000,0x00000017cd100000) (1024K)]
  0x000001e391173b70 JavaThread "JDWP Command Reader"        daemon [_thread_in_native, id=4348, stack(0x00000017cd100000,0x00000017cd200000) (1024K)]
  0x000001e39195ea40 JavaThread "Notification Thread"        daemon [_thread_blocked, id=1208, stack(0x00000017cd200000,0x00000017cd300000) (1024K)]
  0x000001e391b680c0 JavaThread "RMI TCP Accept-0"           daemon [_thread_in_native, id=23820, stack(0x00000017cdb00000,0x00000017cdc00000) (1024K)]
  0x000001e391c0df40 JavaThread "RMI TCP Accept-57205"       daemon [_thread_in_native, id=24008, stack(0x00000017cdc00000,0x00000017cdd00000) (1024K)]
  0x000001e391c196d0 JavaThread "RMI TCP Accept-0"           daemon [_thread_in_native, id=25220, stack(0x00000017cdd00000,0x00000017cde00000) (1024K)]
  0x000001e392080ce0 JavaThread "RMI Scheduler(0)"           daemon [_thread_blocked, id=20704, stack(0x00000017ce200000,0x00000017ce300000) (1024K)]
  0x000001e3920b7430 JavaThread "JMX server connection timeout 43" daemon [_thread_blocked, id=24296, stack(0x00000017ce400000,0x00000017ce500000) (1024K)]
  0x000001e3920b7ac0 JavaThread "mysql-cj-abandoned-connection-cleanup" daemon [_thread_blocked, id=23800, stack(0x00000017cea00000,0x00000017ceb00000) (1024K)]
  0x000001e391d417c0 JavaThread "Live Reload Server"         daemon [_thread_in_native, id=5872, stack(0x00000017cf000000,0x00000017cf100000) (1024K)]
  0x000001e391d43890 JavaThread "DestroyJavaVM"                     [_thread_blocked, id=25128, stack(0x00000017cbc00000,0x00000017cbd00000) (1024K)]
  0x000001e391a1b300 JavaThread "RMI TCP Connection(11)-127.0.0.1" daemon [_thread_in_native, id=5212, stack(0x00000017d0000000,0x00000017d0100000) (1024K)]
  0x000001e391a1b990 JavaThread "JMX server connection timeout 79" daemon [_thread_blocked, id=22284, stack(0x00000017d0100000,0x00000017d0200000) (1024K)]
  0x000001e391a19f50 JavaThread "RMI TCP Connection(10)-127.0.0.1" daemon [_thread_in_native, id=20472, stack(0x00000017d0200000,0x00000017d0300000) (1024K)]
  0x000001e391a1cd40 JavaThread "JMX server connection timeout 83" daemon [_thread_blocked, id=19604, stack(0x00000017d0400000,0x00000017d0500000) (1024K)]
  0x000001e391a1da60 JavaThread "Thread-5"                          [_thread_blocked, id=9860, stack(0x00000017cba00000,0x00000017cbb00000) (1024K)]
=>0x000001e391a1ee10 JavaThread "restartedMain"                     [_thread_in_Java, id=15296, stack(0x00000017ccd00000,0x00000017cce00000) (1024K)]
  0x000001e392088300 JavaThread "C1 CompilerThread1"         daemon [_thread_blocked, id=3856, stack(0x00000017cbb00000,0x00000017cbc00000) (1024K)]
  0x000001e39306f430 JavaThread "C1 CompilerThread2"         daemon [_thread_blocked, id=24020, stack(0x00000017cce00000,0x00000017ccf00000) (1024K)]
  0x000001e39287a820 JavaThread "C1 CompilerThread3"         daemon [_thread_blocked, id=21860, stack(0x00000017cdf00000,0x00000017ce000000) (1024K)]
  0x000001e391a1c020 JavaThread "Catalina-utility-1"                [_thread_blocked, id=25560, stack(0x00000017ce000000,0x00000017ce100000) (1024K)]
  0x000001e391a1e780 JavaThread "Catalina-utility-2"                [_thread_blocked, id=2428, stack(0x00000017ce100000,0x00000017ce200000) (1024K)]
  0x000001e391a1c6b0 JavaThread "container-0"                       [_thread_blocked, id=23780, stack(0x00000017ce300000,0x00000017ce400000) (1024K)]
  0x000001e391a1d3d0 JavaThread "HikariPool-2 housekeeper"   daemon [_thread_blocked, id=18484, stack(0x00000017ce500000,0x00000017ce600000) (1024K)]
  0x000001e391a1e0f0 JavaThread "HikariPool-2 connection adder" daemon [_thread_blocked, id=21844, stack(0x00000017ce800000,0x00000017ce900000) (1024K)]
Total: 34

Other Threads:
  0x000001e34bd01e30 VMThread "VM Thread"                           [id=25124, stack(0x00000017cc300000,0x00000017cc400000) (1024K)] _threads_hazard_ptr=0x000001e3910908f0
  0x000001e34bcecc70 WatcherThread "VM Periodic Task Thread"        [id=2968, stack(0x00000017cc200000,0x00000017cc300000) (1024K)]
  0x000001e3388b4b70 WorkerThread "GC Thread#0"                     [id=24884, stack(0x00000017cbd00000,0x00000017cbe00000) (1024K)]
  0x000001e391b0b8c0 WorkerThread "GC Thread#1"                     [id=5876, stack(0x00000017cd300000,0x00000017cd400000) (1024K)]
  0x000001e391b07810 WorkerThread "GC Thread#2"                     [id=23052, stack(0x00000017cd400000,0x00000017cd500000) (1024K)]
  0x000001e391b07bb0 WorkerThread "GC Thread#3"                     [id=22224, stack(0x00000017cd500000,0x00000017cd600000) (1024K)]
  0x000001e391b07f50 WorkerThread "GC Thread#4"                     [id=15560, stack(0x00000017cd600000,0x00000017cd700000) (1024K)]
  0x000001e391b082f0 WorkerThread "GC Thread#5"                     [id=24684, stack(0x00000017cd700000,0x00000017cd800000) (1024K)]
  0x000001e391b88190 WorkerThread "GC Thread#6"                     [id=23948, stack(0x00000017cd800000,0x00000017cd900000) (1024K)]
  0x000001e391b28ec0 WorkerThread "GC Thread#7"                     [id=24012, stack(0x00000017cd900000,0x00000017cda00000) (1024K)]
  0x000001e391b31270 WorkerThread "GC Thread#8"                     [id=24376, stack(0x00000017cda00000,0x00000017cdb00000) (1024K)]
  0x000001e3920612b0 WorkerThread "GC Thread#9"                     [id=21900, stack(0x00000017cde00000,0x00000017cdf00000) (1024K)]
  0x000001e33658de10 ConcurrentGCThread "G1 Main Marker"            [id=24872, stack(0x00000017cbe00000,0x00000017cbf00000) (1024K)]
  0x000001e3388c2640 WorkerThread "G1 Conc#0"                       [id=16864, stack(0x00000017cbf00000,0x00000017cc000000) (1024K)]
  0x000001e392060090 WorkerThread "G1 Conc#1"                       [id=24140, stack(0x00000017ce600000,0x00000017ce700000) (1024K)]
  0x000001e392060f10 WorkerThread "G1 Conc#2"                       [id=24040, stack(0x00000017ce700000,0x00000017ce800000) (1024K)]
  0x000001e34bbbc650 ConcurrentGCThread "G1 Refine#0"               [id=25156, stack(0x00000017cc000000,0x00000017cc100000) (1024K)]
  0x000001e34bbbd1c0 ConcurrentGCThread "G1 Service"                [id=25164, stack(0x00000017cc100000,0x00000017cc200000) (1024K)]
Total: 18

Threads with active compile tasks:
Total: 0

VM state: synchronizing (normal execution)

VM Mutex/Monitor currently owned by a thread:  ([mutex/lock_event])
[0x00007fffb01c3198] Threads_lock - owner thread: 0x000001e34bd01e30

Heap address: 0x0000000705a00000, size: 4006 MB, Compressed Oops mode: Zero based, Oop shift amount: 3

CDS archive(s) mapped at: [0x000001e34c000000-0x000001e34cc90000-0x000001e34cc90000), size 13172736, SharedBaseAddress: 0x000001e34c000000, ArchiveRelocationMode: 1.
Compressed class space mapped at: 0x000001e34d000000-0x000001e38d000000, reserved size: 1073741824
Narrow klass base: 0x000001e34c000000, Narrow klass shift: 0, Narrow klass range: 0x100000000

GC Precious Log:
 CardTable entry size: 512
 Card Set container configuration: InlinePtr #cards 4 size 8 Array Of Cards #cards 16 size 48 Howl #buckets 8 coarsen threshold 3686 Howl Bitmap #cards 512 size 80 coarsen threshold 460 Card regions per heap region 1 cards per card region 4096
 CPUs: 12 total, 12 available
 Memory: 16016M
 Large Page Support: Disabled
 NUMA Support: Disabled
 Compressed Oops: Enabled (Zero based)
 Heap Region Size: 2M
 Heap Min Capacity: 8M
 Heap Initial Capacity: 252M
 Heap Max Capacity: 4006M
 Pre-touch: Disabled
 Parallel Workers: 10
 Concurrent Workers: 3
 Concurrent Refinement Workers: 10
 Periodic GC: Disabled

Heap:
 garbage-first heap   total 90112K, used 66979K [0x0000000705a00000, 0x0000000800000000)
  region size 2048K, 23 young (47104K), 0 survivors (0K)
 Metaspace       used 61833K, committed 62528K, reserved 1114112K
  class space    used 8713K, committed 9024K, reserved 1048576K

Heap Regions: E=young(eden), S=young(survivor), O=old, HS=humongous(starts), HC=humongous(continues), CS=collection set, F=free, TAMS=top-at-mark-start, PB=parsable bottom
|   0|0x0000000705a00000, 0x0000000705c00000, 0x0000000705c00000|100%| O|  |TAMS 0x0000000705a00000| PB 0x0000000705a00000| Untracked 
|   1|0x0000000705c00000, 0x0000000705dfffd0, 0x0000000705e00000| 99%| O|  |TAMS 0x0000000705c00000| PB 0x0000000705c00000| Untracked 
|   2|0x0000000705e00000, 0x0000000706000000, 0x0000000706000000|100%| O|  |TAMS 0x0000000705e00000| PB 0x0000000705e00000| Untracked 
|   3|0x0000000706000000, 0x00000007061ffff8, 0x0000000706200000| 99%| O|  |TAMS 0x0000000706000000| PB 0x0000000706000000| Untracked 
|   4|0x0000000706200000, 0x00000007063fffe0, 0x0000000706400000| 99%| O|  |TAMS 0x0000000706200000| PB 0x0000000706200000| Untracked 
|   5|0x0000000706400000, 0x0000000706600000, 0x0000000706600000|100%| O|  |TAMS 0x0000000706400000| PB 0x0000000706400000| Untracked 
|   6|0x0000000706600000, 0x00000007067ffff0, 0x0000000706800000| 99%| O|  |TAMS 0x0000000706600000| PB 0x0000000706600000| Untracked 
|   7|0x0000000706800000, 0x00000007069d77e0, 0x0000000706a00000| 92%| O|  |TAMS 0x0000000706800000| PB 0x0000000706800000| Untracked 
|   8|0x0000000706a00000, 0x0000000706bfffd8, 0x0000000706c00000| 99%| O|  |TAMS 0x0000000706a00000| PB 0x0000000706a00000| Untracked 
|   9|0x0000000706c00000, 0x0000000706d831b0, 0x0000000706e00000| 75%| O|  |TAMS 0x0000000706c00000| PB 0x0000000706c00000| Untracked 
|  10|0x0000000706e00000, 0x0000000706ffb060, 0x0000000707000000| 99%| O|  |TAMS 0x0000000706e00000| PB 0x0000000706e00000| Untracked 
|  11|0x0000000707000000, 0x0000000707000000, 0x0000000707200000|  0%| F|  |TAMS 0x0000000707000000| PB 0x0000000707000000| Untracked 
|  12|0x0000000707200000, 0x00000007072c5ec8, 0x0000000707400000| 38%| O|  |TAMS 0x0000000707200000| PB 0x0000000707200000| Untracked 
|  13|0x0000000707400000, 0x0000000707400000, 0x0000000707600000|  0%| F|  |TAMS 0x0000000707400000| PB 0x0000000707400000| Untracked 
|  14|0x0000000707600000, 0x000000070774d588, 0x0000000707800000| 65%| O|  |TAMS 0x0000000707600000| PB 0x0000000707600000| Untracked 
|  15|0x0000000707800000, 0x0000000707800000, 0x0000000707a00000|  0%| F|  |TAMS 0x0000000707800000| PB 0x0000000707800000| Untracked 
|  16|0x0000000707a00000, 0x0000000707a00000, 0x0000000707c00000|  0%| F|  |TAMS 0x0000000707a00000| PB 0x0000000707a00000| Untracked 
|  17|0x0000000707c00000, 0x0000000707c00000, 0x0000000707e00000|  0%| F|  |TAMS 0x0000000707c00000| PB 0x0000000707c00000| Untracked 
|  18|0x0000000707e00000, 0x0000000707e00000, 0x0000000708000000|  0%| F|  |TAMS 0x0000000707e00000| PB 0x0000000707e00000| Untracked 
|  19|0x0000000708000000, 0x0000000708000000, 0x0000000708200000|  0%| F|  |TAMS 0x0000000708000000| PB 0x0000000708000000| Untracked 
|  20|0x0000000708200000, 0x0000000708200000, 0x0000000708400000|  0%| F|  |TAMS 0x0000000708200000| PB 0x0000000708200000| Untracked 
|  21|0x0000000708400000, 0x0000000708478060, 0x0000000708600000| 23%| E|  |TAMS 0x0000000708400000| PB 0x0000000708400000| Complete 
|  22|0x0000000708600000, 0x0000000708800000, 0x0000000708800000|100%| E|CS|TAMS 0x0000000708600000| PB 0x0000000708600000| Complete 
|  23|0x0000000708800000, 0x0000000708a00000, 0x0000000708a00000|100%| E|CS|TAMS 0x0000000708800000| PB 0x0000000708800000| Complete 
|  24|0x0000000708a00000, 0x0000000708c00000, 0x0000000708c00000|100%| E|CS|TAMS 0x0000000708a00000| PB 0x0000000708a00000| Complete 
|  25|0x0000000708c00000, 0x0000000708e00000, 0x0000000708e00000|100%| E|CS|TAMS 0x0000000708c00000| PB 0x0000000708c00000| Complete 
|  26|0x0000000708e00000, 0x0000000709000000, 0x0000000709000000|100%| E|CS|TAMS 0x0000000708e00000| PB 0x0000000708e00000| Complete 
|  27|0x0000000709000000, 0x0000000709200000, 0x0000000709200000|100%| E|CS|TAMS 0x0000000709000000| PB 0x0000000709000000| Complete 
|  28|0x0000000709200000, 0x0000000709400000, 0x0000000709400000|100%| E|CS|TAMS 0x0000000709200000| PB 0x0000000709200000| Complete 
|  29|0x0000000709400000, 0x0000000709600000, 0x0000000709600000|100%| E|  |TAMS 0x0000000709400000| PB 0x0000000709400000| Complete 
|  30|0x0000000709600000, 0x0000000709800000, 0x0000000709800000|100%| E|CS|TAMS 0x0000000709600000| PB 0x0000000709600000| Complete 
|  31|0x0000000709800000, 0x0000000709a00000, 0x0000000709a00000|100%| E|CS|TAMS 0x0000000709800000| PB 0x0000000709800000| Complete 
|  32|0x0000000709a00000, 0x0000000709c00000, 0x0000000709c00000|100%| E|CS|TAMS 0x0000000709a00000| PB 0x0000000709a00000| Complete 
|  33|0x0000000709c00000, 0x0000000709e00000, 0x0000000709e00000|100%| E|CS|TAMS 0x0000000709c00000| PB 0x0000000709c00000| Complete 
|  34|0x0000000709e00000, 0x000000070a000000, 0x000000070a000000|100%| E|CS|TAMS 0x0000000709e00000| PB 0x0000000709e00000| Complete 
|  35|0x000000070a000000, 0x000000070a200000, 0x000000070a200000|100%| E|CS|TAMS 0x000000070a000000| PB 0x000000070a000000| Complete 
|  36|0x000000070a200000, 0x000000070a400000, 0x000000070a400000|100%| E|CS|TAMS 0x000000070a200000| PB 0x000000070a200000| Complete 
|  37|0x000000070a400000, 0x000000070a600000, 0x000000070a600000|100%| E|CS|TAMS 0x000000070a400000| PB 0x000000070a400000| Complete 
|  38|0x000000070a600000, 0x000000070a800000, 0x000000070a800000|100%| E|CS|TAMS 0x000000070a600000| PB 0x000000070a600000| Complete 
|  39|0x000000070a800000, 0x000000070aa00000, 0x000000070aa00000|100%| E|CS|TAMS 0x000000070a800000| PB 0x000000070a800000| Complete 
|  40|0x000000070aa00000, 0x000000070ac00000, 0x000000070ac00000|100%| E|CS|TAMS 0x000000070aa00000| PB 0x000000070aa00000| Complete 
|  41|0x000000070ac00000, 0x000000070ae00000, 0x000000070ae00000|100%| E|CS|TAMS 0x000000070ac00000| PB 0x000000070ac00000| Complete 
|  42|0x000000070ae00000, 0x000000070b000000, 0x000000070b000000|100%| E|CS|TAMS 0x000000070ae00000| PB 0x000000070ae00000| Complete 
|  43|0x000000070b000000, 0x000000070b200000, 0x000000070b200000|100%| E|CS|TAMS 0x000000070b000000| PB 0x000000070b000000| Complete 

Card table byte_map: [0x000001e344a30000,0x000001e345210000] _byte_map_base: 0x000001e341203000

Marking Bits: (CMBitMap*) 0x000001e3388b5270
 Bits: [0x000001e345210000, 0x000001e3490a8000)

Polling page: 0x000001e336780000

Metaspace:

Usage:
  Non-class:     51.88 MB used.
      Class:      8.51 MB used.
       Both:     60.38 MB used.

Virtual space:
  Non-class space:       64.00 MB reserved,      52.25 MB ( 82%) committed,  1 nodes.
      Class space:        1.00 GB reserved,       8.81 MB ( <1%) committed,  1 nodes.
             Both:        1.06 GB reserved,      61.06 MB (  6%) committed. 

Chunk freelists:
   Non-Class:  11.25 MB
       Class:  7.02 MB
        Both:  18.27 MB

MaxMetaspaceSize: unlimited
CompressedClassSpaceSize: 1.00 GB
Initial GC threshold: 21.00 MB
Current GC threshold: 101.81 MB
CDS: on
 - commit_granule_bytes: 65536.
 - commit_granule_words: 8192.
 - virtual_space_node_default_size: 8388608.
 - enlarge_chunks_in_place: 1.
 - use_allocation_guard: 0.


Internal statistics:

num_allocs_failed_limit: 6.
num_arena_births: 1006.
num_arena_deaths: 0.
num_vsnodes_births: 2.
num_vsnodes_deaths: 0.
num_space_committed: 977.
num_space_uncommitted: 0.
num_chunks_returned_to_freelist: 6.
num_chunks_taken_from_freelist: 3190.
num_chunk_merges: 6.
num_chunk_splits: 2315.
num_chunks_enlarged: 1785.
num_inconsistent_stats: 0.

CodeCache: size=49152Kb used=14063Kb max_used=14063Kb free=35088Kb
 bounds [0x000001e340f10000, 0x000001e341cd0000, 0x000001e343f10000]
 total_blobs=7007 nmethods=6325 adapters=602
 compilation: enabled
              stopped_count=0, restarted_count=0
 full_count=0

Compilation events (20 events):
Event: 102.913 Thread 0x000001e39306f430 6395       1       java.net.Socket::isClosed (13 bytes)
Event: 102.913 Thread 0x000001e39306f430 nmethod 6395 0x000001e341cc8010 code [0x000001e341cc81a0, 0x000001e341cc8258]
Event: 102.914 Thread 0x000001e39287a820 6396       1       org.mariadb.jdbc.client.socket.impl.PacketWriter::writeBytes (176 bytes)
Event: 102.915 Thread 0x000001e39306f430 6397       1       org.mariadb.jdbc.client.socket.impl.PacketWriter::writeBytes (9 bytes)
Event: 102.915 Thread 0x000001e34bd2b8c0 6398       1       org.mariadb.jdbc.client.socket.impl.PacketWriter::writeLength (521 bytes)
Event: 102.915 Thread 0x000001e39306f430 nmethod 6397 0x000001e341cc8310 code [0x000001e341cc84c0, 0x000001e341cc85d0]
Event: 102.915 Thread 0x000001e39287a820 nmethod 6396 0x000001e341cc8690 code [0x000001e341cc8880, 0x000001e341cc8ce8]
Event: 102.915 Thread 0x000001e34bd2b8c0 nmethod 6398 0x000001e341cc8f10 code [0x000001e341cc9140, 0x000001e341cc98f0]
Event: 102.930 Thread 0x000001e34bd2b8c0 6399       1       org.mariadb.jdbc.client.util.MutableByte::set (6 bytes)
Event: 102.930 Thread 0x000001e34bd2b8c0 nmethod 6399 0x000001e341cc9b90 code [0x000001e341cc9d20, 0x000001e341cc9de8]
Event: 102.942 Thread 0x000001e39287a820 6400       1       java.util.Iterator::forEachRemaining (30 bytes)
Event: 102.942 Thread 0x000001e39287a820 nmethod 6400 0x000001e341cc9e90 code [0x000001e341cca080, 0x000001e341cca2a0]
Event: 102.956 Thread 0x000001e39287a820 6401       1       jdk.internal.reflect.MethodHandleIntegerFieldAccessorImpl::get (9 bytes)
Event: 102.957 Thread 0x000001e39287a820 nmethod 6401 0x000001e341cca410 code [0x000001e341cca5c0, 0x000001e341cca788]
Event: 102.959 Thread 0x000001e39287a820 6402       1       sun.security.provider.DigestBase::engineDigest (112 bytes)
Event: 102.959 Thread 0x000001e392088300 6403       1       sun.security.provider.ByteArrayAccess::i2bBig (33 bytes)
Event: 102.960 Thread 0x000001e39287a820 nmethod 6402 0x000001e341cca890 code [0x000001e341ccab00, 0x000001e341ccb078]
Event: 102.960 Thread 0x000001e392088300 nmethod 6403 0x000001e341ccb410 code [0x000001e341ccb5c0, 0x000001e341ccb798]
Event: 102.961 Thread 0x000001e39287a820 6404       1       org.mariadb.jdbc.client.impl.StandardReadableByteBuf::readIntLengthEncodedNotNull (74 bytes)
Event: 102.962 Thread 0x000001e39287a820 nmethod 6404 0x000001e341ccba10 code [0x000001e341ccbc00, 0x000001e341ccbe58]

GC Heap History (20 events):
Event: 3.594 GC heap before
{Heap before GC invocations=8 (full 0):
 garbage-first heap   total 88064K, used 63321K [0x0000000705a00000, 0x0000000800000000)
  region size 2048K, 25 young (51200K), 2 survivors (4096K)
 Metaspace       used 30153K, committed 30656K, reserved 1114112K
  class space    used 4061K, committed 4288K, reserved 1048576K
}
Event: 3.602 GC heap after
{Heap after GC invocations=9 (full 0):
 garbage-first heap   total 88064K, used 18265K [0x0000000705a00000, 0x0000000800000000)
  region size 2048K, 3 young (6144K), 3 survivors (6144K)
 Metaspace       used 30153K, committed 30656K, reserved 1114112K
  class space    used 4061K, committed 4288K, reserved 1048576K
}
Event: 3.742 GC heap before
{Heap before GC invocations=9 (full 0):
 garbage-first heap   total 88064K, used 32601K [0x0000000705a00000, 0x0000000800000000)
  region size 2048K, 11 young (22528K), 3 survivors (6144K)
 Metaspace       used 31573K, committed 32000K, reserved 1114112K
  class space    used 4291K, committed 4480K, reserved 1048576K
}
Event: 3.752 GC heap after
{Heap after GC invocations=10 (full 0):
 garbage-first heap   total 88064K, used 19505K [0x0000000705a00000, 0x0000000800000000)
  region size 2048K, 3 young (6144K), 3 survivors (6144K)
 Metaspace       used 31573K, committed 32000K, reserved 1114112K
  class space    used 4291K, committed 4480K, reserved 1048576K
}
Event: 4.141 GC heap before
{Heap before GC invocations=11 (full 0):
 garbage-first heap   total 81920K, used 64561K [0x0000000705a00000, 0x0000000800000000)
  region size 2048K, 25 young (51200K), 3 survivors (6144K)
 Metaspace       used 34904K, committed 35520K, reserved 1114112K
  class space    used 4700K, committed 4992K, reserved 1048576K
}
Event: 4.150 GC heap after
{Heap after GC invocations=12 (full 0):
 garbage-first heap   total 81920K, used 20768K [0x0000000705a00000, 0x0000000800000000)
  region size 2048K, 3 young (6144K), 3 survivors (6144K)
 Metaspace       used 34904K, committed 35520K, reserved 1114112K
  class space    used 4700K, committed 4992K, reserved 1048576K
}
Event: 4.436 GC heap before
{Heap before GC invocations=12 (full 0):
 garbage-first heap   total 81920K, used 63776K [0x0000000705a00000, 0x0000000800000000)
  region size 2048K, 24 young (49152K), 3 survivors (6144K)
 Metaspace       used 38678K, committed 39296K, reserved 1114112K
  class space    used 5288K, committed 5568K, reserved 1048576K
}
Event: 4.445 GC heap after
{Heap after GC invocations=13 (full 0):
 garbage-first heap   total 81920K, used 21255K [0x0000000705a00000, 0x0000000800000000)
  region size 2048K, 2 young (4096K), 2 survivors (4096K)
 Metaspace       used 38678K, committed 39296K, reserved 1114112K
  class space    used 5288K, committed 5568K, reserved 1048576K
}
Event: 4.778 GC heap before
{Heap before GC invocations=13 (full 0):
 garbage-first heap   total 81920K, used 66311K [0x0000000705a00000, 0x0000000800000000)
  region size 2048K, 24 young (49152K), 2 survivors (4096K)
 Metaspace       used 43257K, committed 43904K, reserved 1114112K
  class space    used 5917K, committed 6208K, reserved 1048576K
}
Event: 4.785 GC heap after
{Heap after GC invocations=14 (full 0):
 garbage-first heap   total 98304K, used 22324K [0x0000000705a00000, 0x0000000800000000)
  region size 2048K, 3 young (6144K), 3 survivors (6144K)
 Metaspace       used 43257K, committed 43904K, reserved 1114112K
  class space    used 5917K, committed 6208K, reserved 1048576K
}
Event: 5.119 GC heap before
{Heap before GC invocations=14 (full 0):
 garbage-first heap   total 98304K, used 71476K [0x0000000705a00000, 0x0000000800000000)
  region size 2048K, 28 young (57344K), 3 survivors (6144K)
 Metaspace       used 47834K, committed 48448K, reserved 1114112K
  class space    used 6501K, committed 6784K, reserved 1048576K
}
Event: 5.128 GC heap after
{Heap after GC invocations=15 (full 0):
 garbage-first heap   total 98304K, used 23275K [0x0000000705a00000, 0x0000000800000000)
  region size 2048K, 3 young (6144K), 3 survivors (6144K)
 Metaspace       used 47834K, committed 48448K, reserved 1114112K
  class space    used 6501K, committed 6784K, reserved 1048576K
}
Event: 5.438 GC heap before
{Heap before GC invocations=15 (full 0):
 garbage-first heap   total 98304K, used 66283K [0x0000000705a00000, 0x0000000800000000)
  region size 2048K, 26 young (53248K), 3 survivors (6144K)
 Metaspace       used 52896K, committed 53440K, reserved 1114112K
  class space    used 7368K, committed 7616K, reserved 1048576K
}
Event: 5.447 GC heap after
{Heap after GC invocations=16 (full 0):
 garbage-first heap   total 98304K, used 23824K [0x0000000705a00000, 0x0000000800000000)
  region size 2048K, 3 young (6144K), 3 survivors (6144K)
 Metaspace       used 52896K, committed 53440K, reserved 1114112K
  class space    used 7368K, committed 7616K, reserved 1048576K
}
Event: 5.822 GC heap before
{Heap before GC invocations=17 (full 0):
 garbage-first heap   total 90112K, used 68880K [0x0000000705a00000, 0x0000000800000000)
  region size 2048K, 26 young (53248K), 3 survivors (6144K)
 Metaspace       used 56968K, committed 57536K, reserved 1114112K
  class space    used 7954K, committed 8192K, reserved 1048576K
}
Event: 5.828 GC heap after
{Heap after GC invocations=18 (full 0):
 garbage-first heap   total 90112K, used 25001K [0x0000000705a00000, 0x0000000800000000)
  region size 2048K, 3 young (6144K), 3 survivors (6144K)
 Metaspace       used 56968K, committed 57536K, reserved 1114112K
  class space    used 7954K, committed 8192K, reserved 1048576K
}
Event: 6.239 GC heap before
{Heap before GC invocations=18 (full 0):
 garbage-first heap   total 90112K, used 72105K [0x0000000705a00000, 0x0000000800000000)
  region size 2048K, 26 young (53248K), 3 survivors (6144K)
 Metaspace       used 60374K, committed 61120K, reserved 1114112K
  class space    used 8462K, committed 8832K, reserved 1048576K
}
Event: 6.252 GC heap after
{Heap after GC invocations=19 (full 0):
 garbage-first heap   total 90112K, used 27855K [0x0000000705a00000, 0x0000000800000000)
  region size 2048K, 4 young (8192K), 4 survivors (8192K)
 Metaspace       used 60374K, committed 61120K, reserved 1114112K
  class space    used 8462K, committed 8832K, reserved 1048576K
}
Event: 102.191 GC heap before
{Heap before GC invocations=19 (full 0):
 garbage-first heap   total 90112K, used 60623K [0x0000000705a00000, 0x0000000800000000)
  region size 2048K, 21 young (43008K), 4 survivors (8192K)
 Metaspace       used 61751K, committed 62528K, reserved 1114112K
  class space    used 8697K, committed 9024K, reserved 1048576K
}
Event: 102.248 GC heap after
{Heap after GC invocations=20 (full 1):
 garbage-first heap   total 90112K, used 23971K [0x0000000705a00000, 0x0000000800000000)
  region size 2048K, 0 young (0K), 0 survivors (0K)
 Metaspace       used 61751K, committed 62528K, reserved 1114112K
  class space    used 8697K, committed 9024K, reserved 1048576K
}

Dll operation events (12 events):
Event: 0.043 Loaded shared library C:\pleiades\2024-03\java\21\bin\java.dll
Event: 0.756 Loaded shared library C:\pleiades\2024-03\java\21\bin\zip.dll
Event: 0.764 Loaded shared library C:\pleiades\2024-03\java\21\bin\instrument.dll
Event: 0.771 Loaded shared library C:\pleiades\2024-03\java\21\bin\net.dll
Event: 0.773 Loaded shared library C:\pleiades\2024-03\java\21\bin\nio.dll
Event: 0.777 Loaded shared library C:\pleiades\2024-03\java\21\bin\zip.dll
Event: 0.958 Loaded shared library C:\pleiades\2024-03\java\21\bin\jimage.dll
Event: 1.006 Loaded shared library C:\pleiades\2024-03\java\21\bin\management.dll
Event: 1.014 Loaded shared library C:\pleiades\2024-03\java\21\bin\management_ext.dll
Event: 1.206 Loaded shared library C:\pleiades\2024-03\java\21\bin\verify.dll
Event: 1.301 Loaded shared library C:\pleiades\2024-03\java\21\bin\extnet.dll
Event: 2.787 Loaded shared library C:\pleiades\2024-03\java\21\bin\sunmscapi.dll

Deoptimization events (20 events):
Event: 107.442 Thread 0x000001e391a1b300 DEOPT PACKING pc=0x000001e3411a1f0c sp=0x00000017d00fed90
Event: 107.442 Thread 0x000001e391a1b300 DEOPT UNPACKING pc=0x000001e340f64e42 sp=0x00000017d00fe318 mode 1
Event: 107.443 Thread 0x000001e391a1b300 DEOPT PACKING pc=0x000001e341192aac sp=0x00000017d00fe5b0
Event: 107.443 Thread 0x000001e391a1b300 DEOPT UNPACKING pc=0x000001e340f64e42 sp=0x00000017d00fdab0 mode 1
Event: 107.443 Thread 0x000001e391a1b300 DEOPT PACKING pc=0x000001e34115b524 sp=0x00000017d00fe660
Event: 107.443 Thread 0x000001e391a1b300 DEOPT UNPACKING pc=0x000001e340f64e42 sp=0x00000017d00fdb50 mode 1
Event: 107.443 Thread 0x000001e391a1b300 DEOPT PACKING pc=0x000001e34115bc04 sp=0x00000017d00fe700
Event: 107.443 Thread 0x000001e391a1b300 DEOPT UNPACKING pc=0x000001e340f64e42 sp=0x00000017d00fdc38 mode 1
Event: 107.443 Thread 0x000001e391a1b300 DEOPT PACKING pc=0x000001e34117a2ec sp=0x00000017d00fe7e0
Event: 107.443 Thread 0x000001e391a1b300 DEOPT UNPACKING pc=0x000001e340f64e42 sp=0x00000017d00fdbf0 mode 1
Event: 107.443 Thread 0x000001e391a1b300 DEOPT PACKING pc=0x000001e34117b4ac sp=0x00000017d00fe8f0
Event: 107.443 Thread 0x000001e391a1b300 DEOPT UNPACKING pc=0x000001e340f64e42 sp=0x00000017d00fdea8 mode 1
Event: 107.443 Thread 0x000001e391a1b300 DEOPT PACKING pc=0x000001e34115caa4 sp=0x00000017d00feaa0
Event: 107.443 Thread 0x000001e391a1b300 DEOPT UNPACKING pc=0x000001e340f64e42 sp=0x00000017d00fdf00 mode 1
Event: 107.443 Thread 0x000001e391a1b300 DEOPT PACKING pc=0x000001e3419b29d4 sp=0x00000017d00febe0
Event: 107.443 Thread 0x000001e391a1b300 DEOPT UNPACKING pc=0x000001e340f64e42 sp=0x00000017d00fe0f0 mode 1
Event: 107.443 Thread 0x000001e391a1b300 DEOPT PACKING pc=0x000001e3411a1f0c sp=0x00000017d00fed90
Event: 107.443 Thread 0x000001e391a1b300 DEOPT UNPACKING pc=0x000001e340f64e42 sp=0x00000017d00fe318 mode 1
Event: 107.706 Thread 0x000001e391a1ee10 DEOPT PACKING pc=0x000001e341340234 sp=0x00000017ccdfddc0
Event: 107.706 Thread 0x000001e391a1ee10 DEOPT UNPACKING pc=0x000001e340f64e42 sp=0x00000017ccdfd278 mode 0

Classes loaded (20 events):
Event: 6.927 Loading class java/rmi/server/UnicastRemoteObject
Event: 6.927 Loading class java/rmi/server/UnicastRemoteObject done
Event: 102.160 Loading class java/util/concurrent/locks/AbstractQueuedSynchronizer$SharedNode
Event: 102.160 Loading class java/util/concurrent/locks/AbstractQueuedSynchronizer$SharedNode done
Event: 102.166 Loading class java/util/AbstractMap$2
Event: 102.166 Loading class java/util/AbstractMap$2 done
Event: 102.167 Loading class java/util/AbstractMap$2$1
Event: 102.167 Loading class java/util/AbstractMap$2$1 done
Event: 102.186 Loading class java/util/WeakHashMap$KeyIterator
Event: 102.186 Loading class java/util/WeakHashMap$HashIterator
Event: 102.186 Loading class java/util/WeakHashMap$HashIterator done
Event: 102.186 Loading class java/util/WeakHashMap$KeyIterator done
Event: 102.248 Loading class java/lang/ref/Finalizer$2
Event: 102.249 Loading class java/lang/ref/Finalizer$2 done
Event: 102.249 Loading class java/lang/ref/Finalizer$1
Event: 102.249 Loading class java/lang/ref/Finalizer$1 done
Event: 102.590 Loading class java/util/WeakHashMap$EntrySet
Event: 102.590 Loading class java/util/WeakHashMap$EntrySet done
Event: 102.590 Loading class java/util/WeakHashMap$EntryIterator
Event: 102.590 Loading class java/util/WeakHashMap$EntryIterator done

Classes unloaded (0 events):
No events

Classes redefined (3 events):
Event: 101.657 Thread 0x000001e34bd01e30 redefined class name=webapp.controller.TaskListController, count=1
Event: 107.726 Thread 0x000001e34bd01e30 redefined class name=webapp.controller.TaskListController, count=2
Event: 107.726 Thread 0x000001e34bd01e30 redefined class name=webapp.controller.TaskListController, count=1

Internal exceptions (20 events):
Event: 5.998 Thread 0x000001e3920540d0 Exception <a 'java/lang/NoSuchMethodError'{0x000000070a1c8f18}: 'java.lang.Object java.lang.invoke.DirectMethodHandle$Holder.newInvokeSpecial(java.lang.Object, java.lang.Object, java.lang.Object, java.lang.Object, java.lang.Object, java.lang.Object, java.lang.Object, java.lang.Object)'> (0x000000070a1c8f18) 
thrown [s\src\hotspot\share\interpreter\linkResolver.cpp, line 773]
Event: 6.161 Thread 0x000001e3920540d0 Exception <a 'java/lang/IncompatibleClassChangeError'{0x0000000708ee3020}: Found class java.lang.Object, but interface was expected> (0x0000000708ee3020) 
thrown [s\src\hotspot\share\interpreter\linkResolver.cpp, line 840]
Event: 6.189 Thread 0x000001e3920540d0 Exception <a 'java/lang/NoSuchMethodError'{0x0000000708df86a8}: 'void java.lang.invoke.DirectMethodHandle$Holder.invokeVirtual(java.lang.Object, java.lang.Object, long)'> (0x0000000708df86a8) 
thrown [s\src\hotspot\share\interpreter\linkResolver.cpp, line 773]
Event: 6.275 Thread 0x000001e3920540d0 Exception <a 'java/lang/NoSuchMethodError'{0x000000070b050f00}: 'int java.lang.invoke.DirectMethodHandle$Holder.invokeStaticInit(java.lang.Object, java.lang.Object, java.lang.Object, java.lang.Object)'> (0x000000070b050f00) 
thrown [s\src\hotspot\share\interpreter\linkResolver.cpp, line 773]
Event: 6.334 Thread 0x000001e3920540d0 Exception <a 'java/lang/IncompatibleClassChangeError'{0x000000070aa2aef0}: Found class java.lang.Object, but interface was expected> (0x000000070aa2aef0) 
thrown [s\src\hotspot\share\interpreter\linkResolver.cpp, line 840]
Event: 6.447 Thread 0x000001e3920540d0 Exception <a 'java/lang/NoSuchMethodError'{0x000000070a224b28}: 'java.lang.Object java.lang.invoke.DirectMethodHandle$Holder.newInvokeSpecial(java.lang.Object, java.lang.Object, int, java.lang.Object, java.lang.Object)'> (0x000000070a224b28) 
thrown [s\src\hotspot\share\interpreter\linkResolver.cpp, line 773]
Event: 6.448 Thread 0x000001e3920540d0 Exception <a 'java/lang/NoSuchMethodError'{0x000000070a22f9d8}: 'java.lang.Object java.lang.invoke.DirectMethodHandle$Holder.invokeSpecial(java.lang.Object, java.lang.Object, int, java.lang.Object, int, java.lang.Object)'> (0x000000070a22f9d8) 
thrown [s\src\hotspot\share\interpreter\linkResolver.cpp, line 773]
Event: 6.448 Thread 0x000001e3920540d0 Exception <a 'java/lang/NoSuchMethodError'{0x000000070a236e38}: 'java.lang.Object java.lang.invoke.DirectMethodHandle$Holder.newInvokeSpecial(java.lang.Object, java.lang.Object, int, java.lang.Object, int)'> (0x000000070a236e38) 
thrown [s\src\hotspot\share\interpreter\linkResolver.cpp, line 773]
Event: 6.448 Thread 0x000001e3920540d0 Exception <a 'java/lang/NoSuchMethodError'{0x000000070a23aca8}: 'java.lang.Object java.lang.invoke.DirectMethodHandle$Holder.invokeSpecial(java.lang.Object, java.lang.Object, java.lang.Object, int, java.lang.Object, int)'> (0x000000070a23aca8) 
thrown [s\src\hotspot\share\interpreter\linkResolver.cpp, line 773]
Event: 6.923 Thread 0x000001e392081350 Exception <a 'java/lang/NoSuchMethodError'{0x0000000709efc560}: 'java.lang.Object java.lang.invoke.DirectMethodHandle$Holder.invokeInterface(java.lang.Object, java.lang.Object, java.lang.Object, java.lang.Object, java.lang.Object, java.lang.Object, java.lang.Object)'> (0x0000000709efc560) 
thrown [s\src\hotspot\share\interpreter\linkResolver.cpp, line 773]
Event: 102.188 Thread 0x000001e3920b9500 Exception <a 'java/lang/InterruptedException'{0x00000007090bc560}: sleep interrupted> (0x00000007090bc560) 
thrown [s\src\hotspot\share\prims\jvm.cpp, line 3074]
Event: 102.266 Thread 0x000001e391a1ee10 Exception <a 'sun/nio/fs/WindowsException'{0x000000070b0a0c38}> (0x000000070b0a0c38) 
thrown [s\src\hotspot\share\prims\jni.cpp, line 520]
Event: 102.598 Thread 0x000001e391a1ee10 Exception <a 'java/lang/NoClassDefFoundError'{0x0000000709bb0088}: org/flywaydb/core/Flyway> (0x0000000709bb0088) 
thrown [s\src\hotspot\share\oops\constantPool.cpp, line 871]
Event: 102.599 Thread 0x000001e391a1ee10 Exception <a 'java/lang/NoClassDefFoundError'{0x0000000709bb06e8}: liquibase/integration/spring/SpringLiquibase> (0x0000000709bb06e8) 
thrown [s\src\hotspot\share\oops\constantPool.cpp, line 871]
Event: 102.603 Thread 0x000001e391a1ee10 Exception <a 'java/lang/NoClassDefFoundError'{0x000000070980ec68}: org/jooq/DSLContext> (0x000000070980ec68) 
thrown [s\src\hotspot\share\oops\constantPool.cpp, line 871]
Event: 102.604 Thread 0x000001e391a1ee10 Exception <a 'java/lang/NoClassDefFoundError'{0x000000070981a058}: org/springframework/batch/core/repository/JobRepository> (0x000000070981a058) 
thrown [s\src\hotspot\share\oops\constantPool.cpp, line 871]
Event: 102.605 Thread 0x000001e391a1ee10 Exception <a 'java/lang/NoClassDefFoundError'{0x000000070981a6b0}: org/quartz/Scheduler> (0x000000070981a6b0) 
thrown [s\src\hotspot\share\oops\constantPool.cpp, line 871]
Event: 102.606 Thread 0x000001e391a1ee10 Exception <a 'java/lang/NoClassDefFoundError'{0x000000070981ad30}: org/springframework/session/jdbc/JdbcIndexedSessionRepository> (0x000000070981ad30) 
thrown [s\src\hotspot\share\oops\constantPool.cpp, line 871]
Event: 102.680 Thread 0x000001e391a1ee10 Exception <a 'java/io/FileNotFoundException'{0x00000007092f7fc0}> (0x00000007092f7fc0) 
thrown [s\src\hotspot\share\prims\jni.cpp, line 520]
Event: 102.703 Thread 0x000001e391a1ee10 Exception <a 'java/io/FileNotFoundException'{0x00000007090bc3c0}> (0x00000007090bc3c0) 
thrown [s\src\hotspot\share\prims\jni.cpp, line 520]

ZGC Phase Switch (0 events):
No events

VM Operations (20 events):
Event: 104.052 Executing VM operation: get/set locals done
Event: 104.053 Executing VM operation: get/set locals
Event: 104.053 Executing VM operation: get/set locals done
Event: 104.054 Executing VM operation: get/set locals
Event: 104.054 Executing VM operation: get/set locals done
Event: 104.055 Executing VM operation: get/set locals
Event: 104.055 Executing VM operation: get/set locals done
Event: 104.055 Executing VM operation: get/set locals
Event: 104.055 Executing VM operation: get/set locals done
Event: 104.058 Executing VM operation: get/set locals
Event: 104.058 Executing VM operation: get/set locals done
Event: 107.705 Executing VM operation: ChangeSingleStep
Event: 107.705 Executing VM operation: ChangeSingleStep done
Event: 107.706 Executing VM operation: ChangeSingleStep
Event: 107.706 Executing VM operation: ChangeSingleStep done
Event: 107.720 Executing VM operation: RedefineClasses
Event: 107.738 Executing VM operation: RedefineClasses done
Event: 107.744 Executing VM operation: ChangeSingleStep
Event: 107.744 Executing VM operation: ChangeSingleStep done
Event: 107.747 Executing VM operation: GetObjectMonitorUsage

Events (20 events):
Event: 102.220 Thread 0x000001e34bd01e30 flushing nmethod 0x000001e34156b790
Event: 102.220 Thread 0x000001e34bd01e30 flushing nmethod 0x000001e34152b890
Event: 102.220 Thread 0x000001e34bd01e30 flushing nmethod 0x000001e34152a410
Event: 102.220 Thread 0x000001e34bd01e30 flushing nmethod 0x000001e341273690
Event: 102.220 Thread 0x000001e34bd01e30 flushing nmethod 0x000001e34102cb10
Event: 102.249 Thread 0x000001e391a1ac70 Thread added: 0x000001e391a1ac70
Event: 102.250 Thread 0x000001e391a1ee10 Thread added: 0x000001e391a1ee10
Event: 102.250 Thread 0x000001e391a1ac70 Thread exited: 0x000001e391a1ac70
Event: 102.251 Thread 0x000001e3920b6710 Thread exited: 0x000001e3920b6710
Event: 102.253 Thread 0x000001e3920b6da0 Thread exited: 0x000001e3920b6da0
Event: 102.288 Thread 0x000001e392088300 Thread added: 0x000001e392088300
Event: 102.313 Thread 0x000001e391a1e0f0 Thread added: 0x000001e391a1e0f0
Event: 102.347 Thread 0x000001e391a1e0f0 Thread exited: 0x000001e391a1e0f0
Event: 102.629 Thread 0x000001e39306f430 Thread added: 0x000001e39306f430
Event: 102.629 Thread 0x000001e39287a820 Thread added: 0x000001e39287a820
Event: 102.705 Thread 0x000001e391a1c020 Thread added: 0x000001e391a1c020
Event: 102.705 Thread 0x000001e391a1e780 Thread added: 0x000001e391a1e780
Event: 102.705 Thread 0x000001e391a1c6b0 Thread added: 0x000001e391a1c6b0
Event: 102.752 Thread 0x000001e391a1d3d0 Thread added: 0x000001e391a1d3d0
Event: 102.854 Thread 0x000001e391a1e0f0 Thread added: 0x000001e391a1e0f0


Dynamic libraries:
0x00007ff652a20000 - 0x00007ff652a2e000 	C:\pleiades\2024-03\java\21\bin\javaw.exe
0x00007ff84e190000 - 0x00007ff84e3a7000 	C:\windows\SYSTEM32\ntdll.dll
0x00007ff84d740000 - 0x00007ff84d804000 	C:\windows\System32\KERNEL32.DLL
0x00007ff84b710000 - 0x00007ff84bab7000 	C:\windows\System32\KERNELBASE.dll
0x00007ff84bda0000 - 0x00007ff84beb1000 	C:\windows\System32\ucrtbase.dll
0x00007ff83d7b0000 - 0x00007ff83d7c8000 	C:\pleiades\2024-03\java\21\bin\jli.dll
0x00007ff839a50000 - 0x00007ff839a6b000 	C:\pleiades\2024-03\java\21\bin\VCRUNTIME140.dll
0x00007ff84d900000 - 0x00007ff84daae000 	C:\windows\System32\USER32.dll
0x00007ff84bac0000 - 0x00007ff84bae6000 	C:\windows\System32\win32u.dll
0x00007ff822150000 - 0x00007ff8223e3000 	C:\windows\WinSxS\amd64_microsoft.windows.common-controls_6595b64144ccf1df_6.0.22621.3527_none_270e469b73872a76\COMCTL32.dll
0x00007ff84dab0000 - 0x00007ff84db57000 	C:\windows\System32\msvcrt.dll
0x00007ff84bec0000 - 0x00007ff84bee9000 	C:\windows\System32\GDI32.dll
0x00007ff84bbb0000 - 0x00007ff84bcc9000 	C:\windows\System32\gdi32full.dll
0x00007ff84bcd0000 - 0x00007ff84bd6a000 	C:\windows\System32\msvcp_win.dll
0x00007ff84d8c0000 - 0x00007ff84d8f1000 	C:\windows\System32\IMM32.DLL
0x00007ff839d80000 - 0x00007ff839d8c000 	C:\pleiades\2024-03\java\21\bin\vcruntime140_1.dll
0x00007ff8395d0000 - 0x00007ff83965e000 	C:\pleiades\2024-03\java\21\bin\msvcp140.dll
0x00007fffaf520000 - 0x00007fffb02a3000 	C:\pleiades\2024-03\java\21\bin\server\jvm.dll
0x00007ff84dcd0000 - 0x00007ff84dd82000 	C:\windows\System32\ADVAPI32.dll
0x00007ff84d810000 - 0x00007ff84d8b8000 	C:\windows\System32\sechost.dll
0x00007ff84bd70000 - 0x00007ff84bd98000 	C:\windows\System32\bcrypt.dll
0x00007ff84e030000 - 0x00007ff84e145000 	C:\windows\System32\RPCRT4.dll
0x00007ff84c9c0000 - 0x00007ff84ca31000 	C:\windows\System32\WS2_32.dll
0x00007ff84b370000 - 0x00007ff84b3bd000 	C:\windows\SYSTEM32\POWRPROF.dll
0x00007ff82fc50000 - 0x00007ff82fc84000 	C:\windows\SYSTEM32\WINMM.dll
0x00007ff844e00000 - 0x00007ff844e0a000 	C:\windows\SYSTEM32\VERSION.dll
0x00007ff84b350000 - 0x00007ff84b363000 	C:\windows\SYSTEM32\UMPDC.dll
0x00007ff84a430000 - 0x00007ff84a448000 	C:\windows\SYSTEM32\kernel.appcore.dll
0x00007ff83d800000 - 0x00007ff83d80a000 	C:\pleiades\2024-03\java\21\bin\jimage.dll
0x00007ff83f820000 - 0x00007ff83fa52000 	C:\windows\SYSTEM32\DBGHELP.DLL
0x00007ff84d2b0000 - 0x00007ff84d638000 	C:\windows\System32\combase.dll
0x00007ff84c410000 - 0x00007ff84c4e7000 	C:\windows\System32\OLEAUT32.dll
0x00007ff83fad0000 - 0x00007ff83fb02000 	C:\windows\SYSTEM32\dbgcore.DLL
0x00007ff84b620000 - 0x00007ff84b699000 	C:\windows\System32\bcryptPrimitives.dll
0x00007ff840430000 - 0x00007ff84046c000 	C:\pleiades\2024-03\java\21\bin\jdwp.dll
0x00007ff83d7f0000 - 0x00007ff83d7ff000 	C:\pleiades\2024-03\java\21\bin\instrument.dll
0x00007ff83d7d0000 - 0x00007ff83d7ef000 	C:\pleiades\2024-03\java\21\bin\java.dll
0x00007ff84ca50000 - 0x00007ff84d2ac000 	C:\windows\System32\SHELL32.dll
0x00007ff8493a0000 - 0x00007ff849c96000 	C:\windows\SYSTEM32\windows.storage.dll
0x00007ff849260000 - 0x00007ff84939e000 	C:\windows\SYSTEM32\wintypes.dll
0x00007ff84c0e0000 - 0x00007ff84c1d5000 	C:\windows\System32\SHCORE.dll
0x00007ff84dc70000 - 0x00007ff84dcce000 	C:\windows\System32\shlwapi.dll
0x00007ff84b3e0000 - 0x00007ff84b401000 	C:\windows\SYSTEM32\profapi.dll
0x00007ff845a10000 - 0x00007ff845a1c000 	C:\pleiades\2024-03\java\21\bin\dt_socket.dll
0x00007ff849f40000 - 0x00007ff849f6d000 	C:\windows\SYSTEM32\IPHLPAPI.DLL
0x00007ff84a8f0000 - 0x00007ff84a959000 	C:\windows\system32\mswsock.dll
0x00007ff849f70000 - 0x00007ff84a068000 	C:\windows\SYSTEM32\DNSAPI.dll
0x00007ff84c3a0000 - 0x00007ff84c3a9000 	C:\windows\System32\NSI.dll
0x00007ff845b90000 - 0x00007ff845b9a000 	C:\Windows\System32\rasadhlp.dll
0x00007ff845ba0000 - 0x00007ff845c23000 	C:\windows\System32\fwpuclnt.dll
0x00007ff83d790000 - 0x00007ff83d7a8000 	C:\pleiades\2024-03\java\21\bin\zip.dll
0x00007ff83d700000 - 0x00007ff83d710000 	C:\pleiades\2024-03\java\21\bin\net.dll
0x00007ff846630000 - 0x00007ff846766000 	C:\windows\SYSTEM32\WINHTTP.dll
0x00007ff83d470000 - 0x00007ff83d486000 	C:\pleiades\2024-03\java\21\bin\nio.dll
0x00007ff839a30000 - 0x00007ff839a3a000 	C:\pleiades\2024-03\java\21\bin\management.dll
0x00007ff839a10000 - 0x00007ff839a1b000 	C:\pleiades\2024-03\java\21\bin\management_ext.dll
0x00007ff84d680000 - 0x00007ff84d688000 	C:\windows\System32\PSAPI.DLL
0x00007fffdbc10000 - 0x00007fffdbc27000 	C:\windows\system32\napinsp.dll
0x00007fffebae0000 - 0x00007fffebafb000 	C:\windows\system32\pnrpnsp.dll
0x00007fffebac0000 - 0x00007fffebad1000 	C:\windows\System32\winrnr.dll
0x00007ff823180000 - 0x00007ff823195000 	C:\windows\system32\wshbth.dll
0x00007ffff43c0000 - 0x00007ffff43e7000 	C:\windows\system32\nlansp_c.dll
0x00007ff839a40000 - 0x00007ff839a50000 	C:\pleiades\2024-03\java\21\bin\verify.dll
0x00007ff84ac40000 - 0x00007ff84ac5b000 	C:\windows\SYSTEM32\CRYPTSP.dll
0x00007ff84a3f0000 - 0x00007ff84a425000 	C:\windows\system32\rsaenh.dll
0x00007ff84a990000 - 0x00007ff84a9b8000 	C:\windows\SYSTEM32\USERENV.dll
0x00007ff84ac20000 - 0x00007ff84ac2c000 	C:\windows\SYSTEM32\CRYPTBASE.dll
0x00007ff839a20000 - 0x00007ff839a29000 	C:\pleiades\2024-03\java\21\bin\extnet.dll
0x00007ff83d460000 - 0x00007ff83d46e000 	C:\pleiades\2024-03\java\21\bin\sunmscapi.dll
0x00007ff84b4b0000 - 0x00007ff84b618000 	C:\windows\System32\CRYPT32.dll
0x00007ff84ad60000 - 0x00007ff84ad8e000 	C:\windows\SYSTEM32\ncrypt.dll
0x00007ff84ad20000 - 0x00007ff84ad57000 	C:\windows\SYSTEM32\NTASN1.dll
0x00007ff81c060000 - 0x00007ff81c068000 	C:\windows\system32\wshunix.dll

dbghelp: loaded successfully - version: 4.0.5 - missing functions: none
symbol engine: initialized successfully - sym options: 0x614 - pdb path: .;C:\pleiades\2024-03\java\21\bin;C:\windows\SYSTEM32;C:\windows\WinSxS\amd64_microsoft.windows.common-controls_6595b64144ccf1df_6.0.22621.3527_none_270e469b73872a76;C:\pleiades\2024-03\java\21\bin\server

VM Arguments:
jvm_args: -XX:+ShowCodeDetailsInExceptionMessages -agentlib:jdwp=transport=dt_socket,suspend=y,address=localhost:57206 -Dcom.sun.management.jmxremote -Dcom.sun.management.jmxremote.port=57205 -Dcom.sun.management.jmxremote.authenticate=false -Dcom.sun.management.jmxremote.ssl=false -Djava.rmi.server.hostname=localhost -Dspring.jmx.enabled=true -Dmanagement.endpoints.jmx.exposure.include=* -Dspring.application.admin.enabled=true -XX:TieredStopAtLevel=1 -Dspring.boot.project.name=WebAppSpring -javaagent:C:\pleiades\2024-03\eclipse\configuration\org.eclipse.osgi\251\0\.cp\lib\javaagent-shaded.jar -Dfile.encoding=UTF-8 -Dstdout.encoding=UTF-8 -Dstderr.encoding=UTF-8 
java_command: webapp.WebAppSpringApplication --spring.output.ansi.enabled=always
java_class_path (initial): C:\pleiades\2024-03\workspace\WebAppSpring\target\classes;C:\Users\USER\.m2\repository\org\springframework\boot\spring-boot-starter-thymeleaf\3.2.5\spring-boot-starter-thymeleaf-3.2.5.jar;C:\Users\USER\.m2\repository\org\springframework\boot\spring-boot-starter\3.2.5\spring-boot-starter-3.2.5.jar;C:\Users\USER\.m2\repository\org\springframework\boot\spring-boot-starter-logging\3.2.5\spring-boot-starter-logging-3.2.5.jar;C:\Users\USER\.m2\repository\ch\qos\logback\logback-classic\1.4.14\logback-classic-1.4.14.jar;C:\Users\USER\.m2\repository\ch\qos\logback\logback-core\1.4.14\logback-core-1.4.14.jar;C:\Users\USER\.m2\repository\org\apache\logging\log4j\log4j-to-slf4j\2.21.1\log4j-to-slf4j-2.21.1.jar;C:\Users\USER\.m2\repository\org\apache\logging\log4j\log4j-api\2.21.1\log4j-api-2.21.1.jar;C:\Users\USER\.m2\repository\org\slf4j\jul-to-slf4j\2.0.13\jul-to-slf4j-2.0.13.jar;C:\Users\USER\.m2\repository\jakarta\annotation\jakarta.annotation-api\2.1.1\jakarta.annotation-api-2.1.1.jar;C:\Users\USER\.m2\repository\org\yaml\snakeyaml\2.2\snakeyaml-2.2.jar;C:\Users\USER\.m2\repository\org\thymeleaf\thymeleaf-spring6\3.1.2.RELEASE\thymeleaf-spring6-3.1.2.RELEASE.jar;C:\Users\USER\.m2\repository\org\thymeleaf\thymeleaf\3.1.2.RELEASE\thymeleaf-3.1.2.RELEASE.jar;C:\Users\USER\.m2\repository\org\attoparser\attoparser\2.0.7.RELEASE\attoparser-2.0.7.RELEASE.jar;C:\Users\USER\.m2\repository\org\unbescape\unbescape\1.1.6.RELEASE\unbescape-1.1.6.RELEASE.jar;C:\Users\USER\.m2\repository\org\slf4j\slf4j-api\2.0.13\slf4j-api-2.0.13.jar;C:\Users\USER\.m2\repository\org\springframework\boot\spring-boot-starter-validation\3.2.5\spring-boot-starter-validation-3.2.5.jar;C:\Users\USER\.m2\repository\org\apache\tomcat\embed\tomcat-embed-el\10.1.20\tomcat-embed-el-10.1.20.jar;C:\Users\USER\.m2\repository\org\hibernate\validator\hibernate-validator\8.0.1.Final\hibernate-validator-8.0.1.Final.jar;C:\Users\USER\.m2\repository\jakarta\validation\jakarta.validation-api\3.0.2\jakarta.validation-api-3.0.2.jar;C:\Users\USER\.m2\repository\org\jboss\logging\jboss-logging\3.5.3.Final\jboss-logging-3.5.3.Final.jar;C:\Users\USER\.m2\repository\com\fasterxml\classmate\1.6.0\classmate-1.6.0.jar;C:\Users\USER\.m2\repository\org\springframework\boot\spring-boot-starter-web\3.2.5\spring-boot-starter-web-3.2.5.jar;C:\Users\USER\.m2\repository\org\springframework\boot\spring-boot-starter-json\3.2.5\spring-boot-starter-json-3.2.5.jar;C:\Users\USER\.m2\repository\com\fasterxml\jackson\core\jackson-databind\2.15.4\jackson-databind-2.15.4.jar;C:\Users\USER\.m2\repository\com\fasterxml\jackson\core\jackson-annotations\2.15.4\jackson-annotations-2.15.4.jar;C:\Users\USER\.m2\repository\com\fasterxml\jackson\core\jackson-core\2.15.4\jackson-core-2.15.4.jar;C:\Users\USER\.m2\repository\com\fasterxml\jackson\datatype\jackson-datatype-jdk8\2.15.4\jackson-datatype-jdk8-2.15.4.jar;C:\Users\USER\.m2\repository\com\fasterxml\jackson\datatype\jackson-datatype-jsr310\2.15.4\jackson-datatype-jsr310-2.15.4.jar;C:\Users\USER\.m2\repository\com\fasterxml\jackson\module\jackson-module-parameter-names\2.15.4\jackson-module-parameter-names-2.15.4.jar;C:\Users\USER\.m2\repository\org\springframework\boot\spring-boot-starter-tomcat\3.2.5\spring-boot-starter-tomcat-3.2.5.jar;C:\Users\USER\.m2\repository\org\apache\tomcat\embed\tomcat-embed-core\10.1.20\tomcat-embed-core-10.1.20.jar;C:\Users\USER\.m2\repository\org\apache\tomcat\embed\tomcat-embed-websocket\10.1.20\tomcat-embed-websocket-10.1.20.jar;C:\Users\USER\.m2\repository\org\springframework\spring-web\6.1.6\spring-web-6.1.6.jar;C:\Users\USER\.m2\repository\org\springframework\spring-beans\6.1.6\spring-beans-6.1.6.jar;C:\Users\USER\.m2\repository\io\micrometer\micrometer-observation\1.12.5\micrometer-observation-1.12.5.jar;C:\Users\USER\.m2\repository\io\micrometer\micrometer-commons\1.12.5\micrometer-commons-1.12.5.jar;C:\Users\USER\.m2\repository\org\springframework\spring-webmvc\6.1.6\spring-webmvc-6.1.6.jar;C:\Users\USER\.m2\repository\org\springframework\spring-aop\6.1.6\spring-aop-6.1.6.jar;C:\Users\USER\.m2\repository\org\springframework\spring-context\6.1.6\spring-context-6.1.6.jar;C:\Users\USER\.m2\repository\org\springframework\spring-expression\6.1.6\spring-expression-6.1.6.jar;C:\Users\USER\.m2\repository\org\springframework\boot\spring-boot-starter-data-jpa\3.2.5\spring-boot-starter-data-jpa-3.2.5.jar;C:\Users\USER\.m2\repository\org\springframework\boot\spring-boot-starter-aop\3.2.5\spring-boot-starter-aop-3.2.5.jar;C:\Users\USER\.m2\repository\org\aspectj\aspectjweaver\1.9.22\aspectjweaver-1.9.22.jar;C:\Users\USER\.m2\repository\org\springframework\boot\spring-boot-starter-jdbc\3.2.5\spring-boot-starter-jdbc-3.2.5.jar;C:\Users\USER\.m2\repository\com\zaxxer\HikariCP\5.0.1\HikariCP-5.0.1.jar;C:\Users\USER\.m2\repository\org\springframework\spring-jdbc\6.1.6\spring-jdbc-6.1.6.jar;C:\Users\USER\.m2\repository\org\hibernate\orm\hibernate-core\6.4.4.Final\hibernate-core-6.4.4.Final.jar;C:\Users\USER\.m2\repository\jakarta\persistence\jakarta.persistence-api\3.1.0\jakarta.persistence-api-3.1.0.jar;C:\Users\USER\.m2\repository\jakarta\transaction\jakarta.transaction-api\2.0.1\jakarta.transaction-api-2.0.1.jar;C:\Users\USER\.m2\repository\org\hibernate\common\hibernate-commons-annotations\6.0.6.Final\hibernate-commons-annotations-6.0.6.Final.jar;C:\Users\USER\.m2\repository\io\smallrye\jandex\3.1.2\jandex-3.1.2.jar;C:\Users\USER\.m2\repository\net\bytebuddy\byte-buddy\1.14.13\byte-buddy-1.14.13.jar;C:\Users\USER\.m2\repository\org\glassfish\jaxb\jaxb-runtime\4.0.5\jaxb-runtime-4.0.5.jar;C:\Users\USER\.m2\repository\org\glassfish\jaxb\jaxb-core\4.0.5\jaxb-core-4.0.5.jar;C:\Users\USER\.m2\repository\org\eclipse\angus\angus-activation\2.0.2\angus-activation-2.0.2.jar;C:\Users\USER\.m2\repository\org\glassfish\jaxb\txw2\4.0.5\txw2-4.0.5.jar;C:\Users\USER\.m2\repository\com\sun\istack\istack-commons-runtime\4.1.2\istack-commons-runtime-4.1.2.jar;C:\Users\USER\.m2\repository\jakarta\inject\jakarta.inject-api\2.0.1\jakarta.inject-api-2.0.1.jar;C:\Users\USER\.m2\repository\org\antlr\antlr4-runtime\4.13.0\antlr4-runtime-4.13.0.jar;C:\Users\USER\.m2\repository\org\springframework\data\spring-data-jpa\3.2.5\spring-data-jpa-3.2.5.jar;C:\Users\USER\.m2\repository\org\springframework\data\spring-data-commons\3.2.5\spring-data-commons-3.2.5.jar;C:\Users\USER\.m2\repository\org\springframework\spring-orm\6.1.6\spring-orm-6.1.6.jar;C:\Users\USER\.m2\repository\org\springframework\spring-tx\6.1.6\spring-tx-6.1.6.jar;C:\Users\USER\.m2\repository\org\springframework\spring-aspects\6.1.6\spring-aspects-6.1.6.jar;C:\Users\USER\.m2\repository\com\mysql\mysql-connector-j\8.3.0\mysql-connector-j-8.3.0.jar;C:\Users\USER\.m2\repository\org\projectlombok\lombok\1.18.32\lombok-1.18.32.jar;C:\Users\USER\.m2\repository\jakarta\xml\bind\jakarta.xml.bind-api\4.0.2\jakarta.xml.bind-api-4.0.2.jar;C:\Users\USER\.m2\repository\jakarta\activation\jakarta.activation-api\2.1.3\jakarta.activation-api-2.1.3.jar;C:\Users\USER\.m2\repository\org\springframework\spring-core\6.1.6\spring-core-6.1.6.jar;C:\Users\USER\.m2\repository\org\springframework\spring-jcl\6.1.6\spring-jcl-6.1.6.jar;C:\Users\USER\.m2\repository\org\springframework\boot\spring-boot-devtools\3.2.5\spring-boot-devtools-3.2.5.jar;C:\Users\USER\.m2\repository\org\springframework\boot\spring-boot\3.2.5\spring-boot-3.2.5.jar;C:\Users\USER\.m2\repository\org\springframework\boot\spring-boot-autoconfigure\3.2.5\spring-boot-autoconfigure-3.2.5.jar;C:\Users\USER\.m2\repository\org\mariadb\jdbc\mariadb-java-client\3.3.3\mariadb-java-client-3.3.3.jar;C:\Users\USER\.m2\repository\com\github\waffle\waffle-jna\3.3.0\waffle-jna-3.3.0.jar;C:\Users\USER\.m2\repository\net\java\dev\jna\jna\5.13.0\jna-5.13.0.jar;C:\Users\USER\.m2\repository\net\java\dev\jna\jna-platform\5.13.0\jna-platform-5.13.0.jar;C:\Users\USER\.m2\repository\org\slf4j\jcl-over-slf4j\2.0.13\jcl-over-slf4j-2.0.13.jar;C:\Users\USER\.m2\repository\com\github\ben-manes\caffeine\caffeine\3.1.8\caffeine-3.1.8.jar;C:\Users\USER\.m2\repository\com\google\errorprone\error_prone_annotations\2.21.1\error_prone_annotations-2.21.1.jar;C:\Users\USER\.m2\repository\org\checkerframework\checker-qual\3.32.0\checker-qual-3.32.0.jar
Launcher Type: SUN_STANDARD

[Global flags]
     intx CICompilerCount                          = 4                                         {product} {ergonomic}
     uint ConcGCThreads                            = 3                                         {product} {ergonomic}
     uint G1ConcRefinementThreads                  = 10                                        {product} {ergonomic}
   size_t G1HeapRegionSize                         = 2097152                                   {product} {ergonomic}
    uintx GCDrainStackTargetSize                   = 64                                        {product} {ergonomic}
   size_t InitialHeapSize                          = 264241152                                 {product} {ergonomic}
     bool ManagementServer                         = true                                      {product} {command line}
   size_t MarkStackSize                            = 4194304                                   {product} {ergonomic}
   size_t MaxHeapSize                              = 4200595456                                {product} {ergonomic}
   size_t MaxNewSize                               = 2518679552                                {product} {ergonomic}
   size_t MinHeapDeltaBytes                        = 2097152                                   {product} {ergonomic}
   size_t MinHeapSize                              = 8388608                                   {product} {ergonomic}
    uintx NonNMethodCodeHeapSize                   = 4096                                   {pd product} {ergonomic}
    uintx NonProfiledCodeHeapSize                  = 0                                      {pd product} {ergonomic}
     bool ProfileInterpreter                       = false                                  {pd product} {command line}
    uintx ProfiledCodeHeapSize                     = 0                                      {pd product} {ergonomic}
     bool ShowCodeDetailsInExceptionMessages       = true                                   {manageable} {command line}
   size_t SoftMaxHeapSize                          = 4200595456                             {manageable} {ergonomic}
     intx TieredStopAtLevel                        = 1                                         {product} {command line}
     bool UseCompressedOops                        = true                           {product lp64_product} {ergonomic}
     bool UseG1GC                                  = true                                      {product} {ergonomic}
     bool UseLargePagesIndividualAllocation        = false                                  {pd product} {ergonomic}

Logging:
Log output configuration:
 #0: stdout all=warning uptime,level,tags foldmultilines=false
 #1: stderr all=off uptime,level,tags foldmultilines=false

Environment Variables:
PATH=C:/pleiades/2024-03/java/21/bin/server;C:/pleiades/2024-03/java/21/bin;C:\windows\system32;C:\windows;C:\windows\System32\Wbem;C:\windows\System32\WindowsPowerShell\v1.0\;C:\windows\System32\OpenSSH\;C:\HashiCorp\Vagrant\bin;C:\Users\USER\AppData\Local\Microsoft\WindowsApps;;C:\pleiades\2024-03\eclipse;
USERNAME=USER
OS=Windows_NT
PROCESSOR_IDENTIFIER=Intel64 Family 6 Model 186 Stepping 3, GenuineIntel
TMP=C:\Users\USER\AppData\Local\Temp
TEMP=C:\Users\USER\AppData\Local\Temp




Periodic native trim disabled

---------------  S Y S T E M  ---------------

OS:
 Windows 11 , 64 bit Build 22621 (10.0.22621.3527)
OS uptime: 2 days 2:47 hours
Hyper-V role detected

CPU: total 12 (initial active 12) (6 cores per cpu, 2 threads per core) family 6 model 186 stepping 3 microcode 0x411d, cx8, cmov, fxsr, ht, mmx, 3dnowpref, sse, sse2, sse3, ssse3, sse4.1, sse4.2, popcnt, lzcnt, tsc, tscinvbit, avx, avx2, aes, erms, clmul, bmi1, bmi2, adx, sha, fma, vzeroupper, clflush, clflushopt, clwb, hv, serialize, rdtscp, rdpid, fsrm, f16c, cet_ibt, cet_ss
Processor Information for processor 0
  Max Mhz: 1700, Current Mhz: 1700, Mhz Limit: 1700
Processor Information for processor 1
  Max Mhz: 1700, Current Mhz: 1700, Mhz Limit: 1700
Processor Information for processor 2
  Max Mhz: 1700, Current Mhz: 1700, Mhz Limit: 1700
Processor Information for processor 3
  Max Mhz: 1700, Current Mhz: 1700, Mhz Limit: 1700
Processor Information for processor 4
  Max Mhz: 1700, Current Mhz: 1200, Mhz Limit: 1190
Processor Information for processor 5
  Max Mhz: 1700, Current Mhz: 1200, Mhz Limit: 1190
Processor Information for processor 6
  Max Mhz: 1700, Current Mhz: 1200, Mhz Limit: 1190
Processor Information for processor 7
  Max Mhz: 1700, Current Mhz: 1200, Mhz Limit: 1190
Processor Information for processor 8
  Max Mhz: 1700, Current Mhz: 1200, Mhz Limit: 1190
Processor Information for processor 9
  Max Mhz: 1700, Current Mhz: 1200, Mhz Limit: 1190
Processor Information for processor 10
  Max Mhz: 1700, Current Mhz: 1200, Mhz Limit: 1190
Processor Information for processor 11
  Max Mhz: 1700, Current Mhz: 1200, Mhz Limit: 1190

Memory: 4k page, system-wide physical 16016M (3998M free)
TotalPageFile size 23440M (AvailPageFile size 6281M)
current process WorkingSet (physical memory assigned to process): 249M, peak: 249M
current process commit charge ("private bytes"): 293M, peak: 377M

vm_info: OpenJDK 64-Bit Server VM (21.0.2+13-LTS) for windows-amd64 JRE (21.0.2+13-LTS), built on 2024-01-16T00:00:00Z by "admin" with unknown MS VC++:1937

END.
