#
# A fatal error has been detected by the Java Runtime Environment:
#
#  EXCEPTION_ACCESS_VIOLATION (0xc0000005) at pc=0x00007fffaf875a98, pid=13484, tid=22504
#
# JRE version: OpenJDK Runtime Environment Temurin-21.0.2+13 (21.0.2+13) (build 21.0.2+13-LTS)
# Java VM: OpenJDK 64-Bit Server VM Temurin-21.0.2+13 (21.0.2+13-LTS, mixed mode, emulated-client, sharing, tiered, compressed oops, compressed class ptrs, g1 gc, windows-amd64)
# Problematic frame:
# V  [jvm.dll+0x355a98]
#
# No core dump will be written. Minidumps are not enabled by default on client versions of Windows
#
# If you would like to submit a bug report, please visit:
#   https://github.com/adoptium/adoptium-support/issues
#

---------------  S U M M A R Y ------------

Command Line: -XX:+ShowCodeDetailsInExceptionMessages -agentlib:jdwp=transport=dt_socket,suspend=y,address=localhost:56860 -Dcom.sun.management.jmxremote -Dcom.sun.management.jmxremote.port=56859 -Dcom.sun.management.jmxremote.authenticate=false -Dcom.sun.management.jmxremote.ssl=false -Djava.rmi.server.hostname=localhost -Dspring.jmx.enabled=true -Dmanagement.endpoints.jmx.exposure.include=* -Dspring.application.admin.enabled=true -XX:TieredStopAtLevel=1 -Dspring.boot.project.name=WebAppSpring -javaagent:C:\pleiades\2024-03\eclipse\configuration\org.eclipse.osgi\251\0\.cp\lib\javaagent-shaded.jar -Dfile.encoding=UTF-8 -Dstdout.encoding=UTF-8 -Dstderr.encoding=UTF-8 webapp.WebAppSpringApplication --spring.output.ansi.enabled=always

Host: 13th Gen Intel(R) Core(TM) i7-1355U, 12 cores, 15G,  Windows 11 , 64 bit Build 22621 (10.0.22621.3527)
Time: Fri May 24 10:55:49 2024  Windows 11 , 64 bit Build 22621 (10.0.22621.3527) elapsed time: 9188.060718 seconds (0d 2h 33m 8s)

---------------  T H R E A D  ---------------

Current thread (0x0000026088bc82e0):  WorkerThread "GC Thread#3"    [id=22504, stack(0x000000f663000000,0x000000f663100000) (1024K)]

Stack: [0x000000f663000000,0x000000f663100000],  sp=0x000000f6630fe090,  free space=1016k
Native frames: (J=compiled Java code, j=interpreted, Vv=VM code, C=native code)
V  [jvm.dll+0x355a98]
V  [jvm.dll+0x363fe4]
V  [jvm.dll+0x31452b]
V  [jvm.dll+0x313f7d]
V  [jvm.dll+0x3ebbd5]
V  [jvm.dll+0x84cea6]
V  [jvm.dll+0x856931]
V  [jvm.dll+0x3646da]
V  [jvm.dll+0x36456a]
V  [jvm.dll+0x36be34]
V  [jvm.dll+0x36bfab]
V  [jvm.dll+0x8d0f87]
V  [jvm.dll+0x84cb3b]
V  [jvm.dll+0x6c7c2d]
C  [ucrtbase.dll+0x29333]
C  [KERNEL32.DLL+0x1257d]
C  [ntdll.dll+0x5aa48]

JavaThread 0x000002608abd78b0 (nid = 18744) was being processed
Java frames: (J=compiled Java code, j=interpreted, Vv=VM code)
j  java.lang.invoke.DirectMethodHandle$Holder.newInvokeSpecial(Ljava/lang/Object;Ljava/lang/Object;)Ljava/lang/Object;+16 java.base@21.0.2
J 2638 c1 java.lang.invoke.LambdaForm$MH+0x0000026044001c00.invoke(Ljava/lang/Object;Ljava/lang/Object;)Ljava/lang/Object; java.base@21.0.2 (35 bytes) @ 0x000002603855dd6c [0x000002603855dc60+0x000000000000010c]
J 897 c1 jdk.internal.reflect.DirectConstructorHandleAccessor.newInstance([Ljava/lang/Object;)Ljava/lang/Object; java.base@21.0.2 (130 bytes) @ 0x0000026038260c24 [0x00000260382609e0+0x0000000000000244]
J 896 c1 java.lang.reflect.Constructor.newInstanceWithCaller([Ljava/lang/Object;ZLjava/lang/Class;)Ljava/lang/Object; java.base@21.0.2 (51 bytes) @ 0x000002603825623c [0x0000026038256160+0x00000000000000dc]
J 3400 c1 org.springframework.beans.BeanUtils.instantiateClass(Ljava/lang/reflect/Constructor;[Ljava/lang/Object;)Ljava/lang/Object; (208 bytes) @ 0x00000260386d4d0c [0x00000260386d4800+0x000000000000050c]
J 10173 c1 org.springframework.beans.factory.support.ConstructorResolver.instantiate(Ljava/lang/String;Lorg/springframework/beans/factory/support/RootBeanDefinition;Ljava/lang/reflect/Constructor;[Ljava/lang/Object;)Ljava/lang/Object; (48 bytes) @ 0x0000026038bf1ecc [0x0000026038bf1da0+0x000000000000012c]
J 10170 c1 org.springframework.beans.factory.support.ConstructorResolver.autowireConstructor(Ljava/lang/String;Lorg/springframework/beans/factory/support/RootBeanDefinition;[Ljava/lang/reflect/Constructor;[Ljava/lang/Object;)Lorg/springframework/beans/BeanWrapper; (909 bytes) @ 0x0000026038bec894 [0x0000026038bead80+0x0000000000001b14]
J 5510 c1 org.springframework.beans.factory.support.AbstractAutowireCapableBeanFactory.createBeanInstance(Ljava/lang/String;Lorg/springframework/beans/factory/support/RootBeanDefinition;[Ljava/lang/Object;)Lorg/springframework/beans/BeanWrapper; (241 bytes) @ 0x0000026038a399fc [0x0000026038a392c0+0x000000000000073c]
J 5509 c1 org.springframework.beans.factory.support.AbstractAutowireCapableBeanFactory.doCreateBean(Ljava/lang/String;Lorg/springframework/beans/factory/support/RootBeanDefinition;[Ljava/lang/Object;)Ljava/lang/Object; (469 bytes) @ 0x0000026038a3d4cc [0x0000026038a3d320+0x00000000000001ac]
J 5507 c1 org.springframework.beans.factory.support.AbstractAutowireCapableBeanFactory.createBean(Ljava/lang/String;Lorg/springframework/beans/factory/support/RootBeanDefinition;[Ljava/lang/Object;)Ljava/lang/Object; (214 bytes) @ 0x0000026038a3b23c [0x0000026038a3ad40+0x00000000000004fc]
J 5542 c1 org.springframework.beans.factory.support.AbstractBeanFactory$$Lambda+0x0000026044279000.getObject()Ljava/lang/Object; (20 bytes) @ 0x0000026038a5103c [0x0000026038a50fa0+0x000000000000009c]
J 5539 c1 org.springframework.beans.factory.support.DefaultSingletonBeanRegistry.getSingleton(Ljava/lang/String;Lorg/springframework/beans/factory/ObjectFactory;)Ljava/lang/Object; (279 bytes) @ 0x0000026038a4f6bc [0x0000026038a4f360+0x000000000000035c]
J 3212 c1 org.springframework.beans.factory.support.AbstractBeanFactory.doGetBean(Ljava/lang/String;Ljava/lang/Class;[Ljava/lang/Object;Z)Ljava/lang/Object; (740 bytes) @ 0x000002603867fa34 [0x000002603867f3c0+0x0000000000000674]
J 5399 c1 org.springframework.beans.factory.support.AbstractBeanFactory.getBean(Ljava/lang/String;)Ljava/lang/Object; (9 bytes) @ 0x00000260389fb9b4 [0x00000260389fb940+0x0000000000000074]
j  org.springframework.beans.factory.support.DefaultListableBeanFactory.preInstantiateSingletons()V+152
j  org.springframework.context.support.AbstractApplicationContext.finishBeanFactoryInitialization(Lorg/springframework/beans/factory/config/ConfigurableListableBeanFactory;)V+130
j  org.springframework.context.support.AbstractApplicationContext.refresh()V+94
j  org.springframework.boot.web.servlet.context.ServletWebServerApplicationContext.refresh()V+1
j  org.springframework.boot.SpringApplication.refresh(Lorg/springframework/context/ConfigurableApplicationContext;)V+1
j  org.springframework.boot.SpringApplication.refreshContext(Lorg/springframework/context/ConfigurableApplicationContext;)V+16
j  org.springframework.boot.SpringApplication.run([Ljava/lang/String;)Lorg/springframework/context/ConfigurableApplicationContext;+110
j  org.springframework.boot.SpringApplication.run([Ljava/lang/Class;[Ljava/lang/String;)Lorg/springframework/context/ConfigurableApplicationContext;+9
j  org.springframework.boot.SpringApplication.run(Ljava/lang/Class;[Ljava/lang/String;)Lorg/springframework/context/ConfigurableApplicationContext;+9
j  webapp.WebAppSpringApplication.main([Ljava/lang/String;)V+3
j  java.lang.invoke.LambdaForm$DMH+0x0000026044004c00.invokeStatic(Ljava/lang/Object;Ljava/lang/Object;)V+10 java.base@21.0.2
j  java.lang.invoke.LambdaForm$MH+0x00000260441c6400.invoke(Ljava/lang/Object;Ljava/lang/Object;Ljava/lang/Object;)Ljava/lang/Object;+33 java.base@21.0.2
J 4427 c1 jdk.internal.reflect.DirectMethodHandleAccessor.invoke(Ljava/lang/Object;[Ljava/lang/Object;)Ljava/lang/Object; java.base@21.0.2 (92 bytes) @ 0x0000026038875c7c [0x00000260388758c0+0x00000000000003bc]
J 4473 c1 java.lang.reflect.Method.invoke(Ljava/lang/Object;[Ljava/lang/Object;)Ljava/lang/Object; java.base@21.0.2 (108 bytes) @ 0x000002603888c474 [0x000002603888c280+0x00000000000001f4]
j  org.springframework.boot.devtools.restart.RestartLauncher.run()V+47
v  ~StubRoutines::call_stub 0x0000026037e3100d

siginfo: EXCEPTION_ACCESS_VIOLATION (0xc0000005), reading address 0xffffffffffffffff


Registers:
RAX=0x12000000b0000300, RBX=0x0000000000000001, RCX=0x0000000000077af0, RDX=0x0000000000077af0
RSP=0x000000f6630fe090, RBP=0x0000000000000000, RSI=0x000000f6630fe430, RDI=0x000000f663bfd9d8
R8 =0x000002602f777ea0, R9 =0x0000000006fc7ca4, R10=0x0000026037e30000, R11=0x000000f6630fe2d8
R12=0x0000000006fc7ca4, R13=0x000000f663bfd9d8, R14=0x00000260898782c0, R15=0x000002608672d0b0
RIP=0x00007fffaf875a98, EFLAGS=0x0000000000010207


Register to memory mapping:

RAX=0x12000000b0000300 is an unknown value
RBX=0x0000000000000001 is an unknown value
RCX=0x0000000000077af0 is an unknown value
RDX=0x0000000000077af0 is an unknown value
RSP=0x000000f6630fe090 points into unknown readable memory: 0x0000000000000000 | 00 00 00 00 00 00 00 00
RBP=0x0 is null
RSI=0x000000f6630fe430 points into unknown readable memory: 0x000000f663bfd9c8 | c8 d9 bf 63 f6 00 00 00
RDI=0x000000f663bfd9d8 is pointing into the stack for thread: 0x000002608abd78b0
R8 =0x000002602f777ea0 points into unknown readable memory: 0x00007fffaff3b548 | 48 b5 f3 af ff 7f 00 00
R9 =0x0000000006fc7ca4 is an unknown value
R10=0x0000026037e30000 points into unknown readable memory: 0x0000000000000006 | 06 00 00 00 00 00 00 00
R11=0x000000f6630fe2d8 points into unknown readable memory: 0x00007fffaf833f7d | 7d 3f 83 af ff 7f 00 00
R12=0x0000000006fc7ca4 is an unknown value
R13=0x000000f663bfd9d8 is pointing into the stack for thread: 0x000002608abd78b0
R14=0x00000260898782c0 points into unknown readable memory: 0x00007fffaff427d8 | d8 27 f4 af ff 7f 00 00
R15=0x000002608672d0b0 is pointing into metadata

Top of Stack: (sp=0x000000f6630fe090)
0x000000f6630fe090:   0000000000000000 00007fffafbb7e13
0x000000f6630fe0a0:   00000000000000d1 00007fffafbd814f
0x000000f6630fe0b0:   00000000000000d1 0000000000000005
0x000000f6630fe0c0:   000000f663bfd9d8 12000000b0000300
0x000000f6630fe0d0:   0000000000000001 0000000000000008
0x000000f6630fe0e0:   000002608bcc2468 0000000000000000
0x000000f6630fe0f0:   0000026088a76e40 00000260881a8690
0x000000f6630fe100:   00000260435447e8 000000f663bfd9d8
0x000000f6630fe110:   000000f6630fe430 000000f6630fe260
0x000000f6630fe120:   000002608bcc2468 00007fffaf883fe4
0x000000f6630fe130:   000000f6630f0007 000000f6630f0100
0x000000f6630fe140:   0000026043480090 0000000000000000
0x000000f6630fe150:   000002608bcc2468 00007fffaf83452b
0x000000f6630fe160:   0000000000000002 00000260430b6488
0x000000f6630fe170:   000002608bcc2468 000000f6630fe430
0x000000f6630fe180:   0000001038bf0901 00000260430b6488
0x000000f6630fe190:   0000026088bc82e0 0000026000000004
0x000000f6630fe1a0:   00000000000003d8 00000260881a86a0
0x000000f6630fe1b0:   00000260881a8a78 000002604372d0b0
0x000000f6630fe1c0:   00000260000000b8 00000260430b6488
0x000000f6630fe1d0:   00007fffaff39f00 000000f6630fe430
0x000000f6630fe1e0:   000002608bcc2468 0000000300000001
0x000000f6630fe1f0:   00000260435447e8 0000001300000001
0x000000f6630fe200:   0000000000000044 000000010000000c
0x000000f6630fe210:   0000026043480090 0000000000000000
0x000000f6630fe220:   0000026089d6d864 00001f7d00000006
0x000000f6630fe230:   0000000500000003 0000ffff0968e200
0x000000f6630fe240:   00007fffafd75820 000002608bcc2468
0x000000f6630fe250:   00000000000003d8 00000260881a8a78
0x000000f6630fe260:   000000f6630fe430 000002608bcc2510
0x000000f6630fe270:   000002608bcc2468 00007fffaf88403e
0x000000f6630fe280:   00001f7dda121053 000000f6630fe430 

Instructions: (pc=0x00007fffaf875a98)
0x00007fffaf875998:   55 41 56 41 57 48 83 ec 58 80 3d 72 9c 8c 00 00
0x00007fffaf8759a8:   49 8b f9 4d 8b e8 0f b7 da 4c 8b f1 74 16 45 8b
0x00007fffaf8759b8:   78 08 8b 0d f8 85 8c 00 49 d3 e7 4c 03 3d e6 85
0x00007fffaf8759c8:   8c 00 eb 04 4d 8b 78 08 49 8b d7 49 8b cd e8 d5
0x00007fffaf8759d8:   67 cb ff 4c 8b e0 48 89 7c 24 30 33 c0 8b e8 0f
0x00007fffaf8759e8:   b7 c3 66 c1 e8 08 66 89 84 24 a0 00 00 00 84 c0
0x00007fffaf8759f8:   75 52 48 8b cf 83 e1 03 83 3d 45 a4 8c 00 02 75
0x00007fffaf875a08:   09 48 83 f9 02 0f 94 c1 eb 05 f6 d1 80 e1 01 84
0x00007fffaf875a18:   c9 75 05 48 8b ef eb 12 48 8d 54 24 40 48 8d 4c
0x00007fffaf875a28:   24 30 e8 11 be 2f 00 48 8b 28 48 c1 ed 03 83 e5
0x00007fffaf875a38:   0f 41 3b ae 80 01 00 00 73 0a 66 89 9c 24 a8 00
0x00007fffaf875a48:   00 00 eb 12 66 c7 84 24 a8 00 00 00 00 01 0f b7
0x00007fffaf875a58:   9c 24 a8 00 00 00 4d 8b 46 08 49 8b d5 66 c1 eb
0x00007fffaf875a68:   08 41 8b 88 18 02 00 00 49 8b 80 10 02 00 00 48
0x00007fffaf875a78:   d3 e0 8b 0d c0 57 93 00 48 2b d0 49 8b 80 f8 01
0x00007fffaf875a88:   00 00 48 d3 ea 8b ca 48 8b 04 c8 48 89 44 24 38
0x00007fffaf875a98:   44 8b 80 8c 00 00 00 48 0f be c3 48 6b c8 38 49
0x00007fffaf875aa8:   8b 46 70 44 89 84 24 b0 00 00 00 48 8b 54 01 10
0x00007fffaf875ab8:   84 db 75 04 4a 8d 14 c2 48 8b 0a 48 8b 71 30 48
0x00007fffaf875ac8:   8b 41 38 48 2b c6 48 c1 e8 03 49 3b c4 72 74 4a
0x00007fffaf875ad8:   8d 1c e5 00 00 00 00 48 89 9c 24 b8 00 00 00 48
0x00007fffaf875ae8:   8d 04 33 48 89 41 30 48 85 f6 74 67 4d 8b c4 48
0x00007fffaf875af8:   8b d6 49 8b cd e8 9e 51 cb ff 48 8b ce 48 8b c7
0x00007fffaf875b08:   48 83 c9 03 f0 49 0f b1 4d 00 48 8b d8 0f 84 81
0x00007fffaf875b18:   00 00 00 48 83 e3 fc 74 7b 8b 84 24 b0 00 00 00
0x00007fffaf875b28:   4d 8b cc 0f b7 94 24 a8 00 00 00 4c 8b c6 49 8b
0x00007fffaf875b38:   4e 70 89 44 24 20 e8 5d 53 fc ff 48 8b c3 e9 34
0x00007fffaf875b48:   03 00 00 4a 8d 04 e5 00 00 00 00 48 89 84 24 b8
0x00007fffaf875b58:   00 00 00 44 89 44 24 28 48 8d 94 24 a8 00 00 00
0x00007fffaf875b68:   4d 8b c5 89 6c 24 20 4d 8b cc 49 8b ce e8 c6 fb
0x00007fffaf875b78:   ff ff 48 8b f0 48 85 c0 0f 85 6e ff ff ff 4d 8b
0x00007fffaf875b88:   cc 4c 8b c7 49 8b d5 49 8b ce e8 b9 06 00 00 e9 


Stack slot to memory mapping:

stack at sp + 0 slots: 0x0 is null
stack at sp + 1 slots: 0x00007fffafbb7e13 jvm.dll
stack at sp + 2 slots: 0x00000000000000d1 is an unknown value
stack at sp + 3 slots: 0x00007fffafbd814f jvm.dll
stack at sp + 4 slots: 0x00000000000000d1 is an unknown value
stack at sp + 5 slots: 0x0000000000000005 is an unknown value
stack at sp + 6 slots: 0x000000f663bfd9d8 is pointing into the stack for thread: 0x000002608abd78b0
stack at sp + 7 slots: 0x12000000b0000300 is an unknown value


---------------  P R O C E S S  ---------------

Threads class SMR info:
_java_thread_list=0x000002608bac1d50, length=32, elements={
0x00000260429d5bf0, 0x00000260429d67b0, 0x00000260429d76d0, 0x00000260429d9600,
0x00000260429dd310, 0x00000260429de5e0, 0x0000026088001480, 0x00000260880a1220,
0x0000026088198c10, 0x000002608819d2b0, 0x000002608819fcc0, 0x00000260889daf10,
0x0000026088c1ddb0, 0x0000026088c76d00, 0x0000026088c22440, 0x000002608902d890,
0x000002608902f2d0, 0x0000026089030d10, 0x000002608abd5e70, 0x000002608abd5150,
0x000002608902df20, 0x000002608baeac90, 0x000002608abd6500, 0x000002608abd7f40,
0x000002608abd7220, 0x000002608bae7810, 0x000002608abd6b90, 0x000002608abd78b0,
0x000002608abd8c60, 0x000002608abd92f0, 0x000002608abda010, 0x000002608abda6a0
}

Java Threads: ( => current thread )
  0x00000260429d5bf0 JavaThread "Reference Handler"          daemon [_thread_blocked, id=24692, stack(0x000000f661f00000,0x000000f662000000) (1024K)]
  0x00000260429d67b0 JavaThread "Finalizer"                  daemon [_thread_blocked, id=21852, stack(0x000000f662000000,0x000000f662100000) (1024K)]
  0x00000260429d76d0 JavaThread "Signal Dispatcher"          daemon [_thread_blocked, id=1068, stack(0x000000f662100000,0x000000f662200000) (1024K)]
  0x00000260429d9600 JavaThread "Attach Listener"            daemon [_thread_blocked, id=9796, stack(0x000000f662200000,0x000000f662300000) (1024K)]
  0x00000260429dd310 JavaThread "Service Thread"             daemon [_thread_blocked, id=6500, stack(0x000000f662300000,0x000000f662400000) (1024K)]
  0x00000260429de5e0 JavaThread "Monitor Deflation Thread"   daemon [_thread_blocked, id=25292, stack(0x000000f662400000,0x000000f662500000) (1024K)]
  0x0000026088001480 JavaThread "C1 CompilerThread0"         daemon [_thread_blocked, id=24896, stack(0x000000f662500000,0x000000f662600000) (1024K)]
  0x00000260880a1220 JavaThread "Common-Cleaner"             daemon [_thread_blocked, id=16684, stack(0x000000f662600000,0x000000f662700000) (1024K)]
  0x0000026088198c10 JavaThread "JDWP Transport Listener: dt_socket" daemon [_thread_blocked, id=24548, stack(0x000000f662a00000,0x000000f662b00000) (1024K)]
  0x000002608819d2b0 JavaThread "JDWP Event Helper Thread"   daemon [_thread_blocked, id=22148, stack(0x000000f662b00000,0x000000f662c00000) (1024K)]
  0x000002608819fcc0 JavaThread "JDWP Command Reader"        daemon [_thread_in_native, id=20608, stack(0x000000f662c00000,0x000000f662d00000) (1024K)]
  0x00000260889daf10 JavaThread "Notification Thread"        daemon [_thread_blocked, id=21164, stack(0x000000f662d00000,0x000000f662e00000) (1024K)]
  0x0000026088c1ddb0 JavaThread "RMI TCP Accept-0"           daemon [_thread_in_native, id=24676, stack(0x000000f663600000,0x000000f663700000) (1024K)]
  0x0000026088c76d00 JavaThread "RMI TCP Accept-56859"       daemon [_thread_in_native, id=12052, stack(0x000000f663700000,0x000000f663800000) (1024K)]
  0x0000026088c22440 JavaThread "RMI TCP Accept-0"           daemon [_thread_in_native, id=5048, stack(0x000000f663800000,0x000000f663900000) (1024K)]
  0x000002608902d890 JavaThread "RMI Scheduler(0)"           daemon [_thread_blocked, id=14464, stack(0x000000f663a00000,0x000000f663b00000) (1024K)]
  0x000002608902f2d0 JavaThread "JMX server connection timeout 39" daemon [_thread_blocked, id=19468, stack(0x000000f663c00000,0x000000f663d00000) (1024K)]
  0x0000026089030d10 JavaThread "mysql-cj-abandoned-connection-cleanup" daemon [_thread_blocked, id=24008, stack(0x000000f664500000,0x000000f664600000) (1024K)]
  0x000002608abd5e70 JavaThread "Live Reload Server"         daemon [_thread_in_native, id=13232, stack(0x000000f664b00000,0x000000f664c00000) (1024K)]
  0x000002608abd5150 JavaThread "DestroyJavaVM"                     [_thread_blocked, id=9824, stack(0x000000f661700000,0x000000f661800000) (1024K)]
  0x000002608902df20 JavaThread "JMX server connection timeout 71" daemon [_thread_blocked, id=3740, stack(0x000000f663e00000,0x000000f663f00000) (1024K)]
  0x000002608baeac90 JavaThread "JMX server connection timeout 74" daemon [_thread_blocked, id=19744, stack(0x000000f665800000,0x000000f665900000) (1024K)]
  0x000002608abd6500 JavaThread "File Watcher"               daemon [_thread_blocked, id=1080, stack(0x000000f662800000,0x000000f662900000) (1024K)]
  0x000002608abd7f40 JavaThread "File Watcher"               daemon [_thread_blocked, id=10164, stack(0x000000f662900000,0x000000f662a00000) (1024K)]
  0x000002608abd7220 JavaThread "File Watcher"               daemon [_thread_blocked, id=5020, stack(0x000000f663900000,0x000000f663a00000) (1024K)]
  0x000002608bae7810 JavaThread "RMI TCP Connection(225)-127.0.0.1" daemon [_thread_in_native, id=12572, stack(0x000000f665600000,0x000000f665700000) (1024K)]
  0x000002608abd6b90 JavaThread "Thread-96"                         [_thread_blocked, id=10432, stack(0x000000f661600000,0x000000f661700000) (1024K)]
  0x000002608abd78b0 JavaThread "restartedMain"                     [_thread_blocked, id=18744, stack(0x000000f663b00000,0x000000f663c00000) (1024K)]
  0x000002608abd8c60 JavaThread "Catalina-utility-1"                [_thread_blocked, id=20736, stack(0x000000f663f00000,0x000000f664000000) (1024K)]
  0x000002608abd92f0 JavaThread "Catalina-utility-2"                [_thread_blocked, id=14012, stack(0x000000f664000000,0x000000f664100000) (1024K)]
  0x000002608abda010 JavaThread "container-3"                       [_thread_blocked, id=23828, stack(0x000000f664300000,0x000000f664400000) (1024K)]
  0x000002608abda6a0 JavaThread "HikariPool-26 housekeeper"  daemon [_thread_blocked, id=25100, stack(0x000000f664400000,0x000000f664500000) (1024K)]
Total: 32

Other Threads:
  0x00000260429b4530 VMThread "VM Thread"                           [id=20108, stack(0x000000f661e00000,0x000000f661f00000) (1024K)]
  0x000002604299fa90 WatcherThread "VM Periodic Task Thread"        [id=17832, stack(0x000000f661d00000,0x000000f661e00000) (1024K)]
  0x000002602f7cf100 WorkerThread "GC Thread#0"                     [id=21548, stack(0x000000f661800000,0x000000f661900000) (1024K)]
  0x0000026088c2f9c0 WorkerThread "GC Thread#1"                     [id=744, stack(0x000000f662e00000,0x000000f662f00000) (1024K)]
  0x0000026088c2fd60 WorkerThread "GC Thread#2"                     [id=22828, stack(0x000000f662f00000,0x000000f663000000) (1024K)]
=>0x0000026088bc82e0 WorkerThread "GC Thread#3"                     [id=22504, stack(0x000000f663000000,0x000000f663100000) (1024K)]
  0x0000026088bc8680 WorkerThread "GC Thread#4"                     [id=20332, stack(0x000000f663100000,0x000000f663200000) (1024K)]
  0x0000026088bc8a20 WorkerThread "GC Thread#5"                     [id=2168, stack(0x000000f663200000,0x000000f663300000) (1024K)]
  0x0000026088c53740 WorkerThread "GC Thread#6"                     [id=24992, stack(0x000000f663300000,0x000000f663400000) (1024K)]
  0x0000026088c53ae0 WorkerThread "GC Thread#7"                     [id=22752, stack(0x000000f663400000,0x000000f663500000) (1024K)]
  0x0000026088c53e80 WorkerThread "GC Thread#8"                     [id=12040, stack(0x000000f663500000,0x000000f663600000) (1024K)]
  0x000002608901f200 WorkerThread "GC Thread#9"                     [id=8772, stack(0x000000f663d00000,0x000000f663e00000) (1024K)]
  0x000002602f7dfb30 ConcurrentGCThread "G1 Main Marker"            [id=18164, stack(0x000000f661900000,0x000000f661a00000) (1024K)]
  0x000002602f7e0630 WorkerThread "G1 Conc#0"                       [id=5688, stack(0x000000f661a00000,0x000000f661b00000) (1024K)]
  0x0000026089020080 WorkerThread "G1 Conc#1"                       [id=13540, stack(0x000000f664100000,0x000000f664200000) (1024K)]
  0x0000026089020420 WorkerThread "G1 Conc#2"                       [id=21484, stack(0x000000f664200000,0x000000f664300000) (1024K)]
  0x0000026042873c70 ConcurrentGCThread "G1 Refine#0"               [id=24740, stack(0x000000f661b00000,0x000000f661c00000) (1024K)]
  0x00000260428743f0 ConcurrentGCThread "G1 Service"                [id=21464, stack(0x000000f661c00000,0x000000f661d00000) (1024K)]
Total: 18

Threads with active compile tasks:
Total: 0

VM state: at safepoint (normal execution)

VM Mutex/Monitor currently owned by a thread:  ([mutex/lock_event])
[0x00007fffb01c3198] Threads_lock - owner thread: 0x00000260429b4530
[0x00007fffb01c3298] Heap_lock - owner thread: 0x000002608abd7220

Heap address: 0x0000000705a00000, size: 4006 MB, Compressed Oops mode: Zero based, Oop shift amount: 3

CDS archive(s) mapped at: [0x0000026043000000-0x0000026043c90000-0x0000026043c90000), size 13172736, SharedBaseAddress: 0x0000026043000000, ArchiveRelocationMode: 1.
Compressed class space mapped at: 0x0000026044000000-0x0000026084000000, reserved size: 1073741824
Narrow klass base: 0x0000026043000000, Narrow klass shift: 0, Narrow klass range: 0x100000000

GC Precious Log:
 CardTable entry size: 512
 Card Set container configuration: InlinePtr #cards 4 size 8 Array Of Cards #cards 16 size 48 Howl #buckets 8 coarsen threshold 3686 Howl Bitmap #cards 512 size 80 coarsen threshold 460 Card regions per heap region 1 cards per card region 4096
 CPUs: 12 total, 12 available
 Memory: 16016M
 Large Page Support: Disabled
 NUMA Support: Disabled
 Compressed Oops: Enabled (Zero based)
 Heap Region Size: 2M
 Heap Min Capacity: 8M
 Heap Initial Capacity: 252M
 Heap Max Capacity: 4006M
 Pre-touch: Disabled
 Parallel Workers: 10
 Concurrent Workers: 3
 Concurrent Refinement Workers: 10
 Periodic GC: Disabled

Heap:
 garbage-first heap   total 90112K, used 78375K [0x0000000705a00000, 0x0000000800000000)
  region size 2048K, 26 young (53248K), 3 survivors (6144K)
 Metaspace       used 72959K, committed 73792K, reserved 1114112K
  class space    used 10139K, committed 10560K, reserved 1048576K

Heap Regions: E=young(eden), S=young(survivor), O=old, HS=humongous(starts), HC=humongous(continues), CS=collection set, F=free, TAMS=top-at-mark-start, PB=parsable bottom
|   0|0x0000000705a00000, 0x0000000705c00000, 0x0000000705c00000|100%| O|  |TAMS 0x0000000705a00000| PB 0x0000000705a00000| Untracked 
|   1|0x0000000705c00000, 0x0000000705dfffd8, 0x0000000705e00000| 99%| O|  |TAMS 0x0000000705c00000| PB 0x0000000705c00000| Untracked 
|   2|0x0000000705e00000, 0x0000000706000000, 0x0000000706000000|100%| O|  |TAMS 0x0000000705e00000| PB 0x0000000705e00000| Untracked 
|   3|0x0000000706000000, 0x00000007061fffe8, 0x0000000706200000| 99%| O|  |TAMS 0x0000000706000000| PB 0x0000000706000000| Untracked 
|   4|0x0000000706200000, 0x00000007063fffe0, 0x0000000706400000| 99%| O|  |TAMS 0x0000000706200000| PB 0x0000000706200000| Untracked 
|   5|0x0000000706400000, 0x00000007065fffd0, 0x0000000706600000| 99%| O|  |TAMS 0x0000000706400000| PB 0x0000000706400000| Untracked 
|   6|0x0000000706600000, 0x00000007067fffd8, 0x0000000706800000| 99%| O|  |TAMS 0x0000000706600000| PB 0x0000000706600000| Untracked 
|   7|0x0000000706800000, 0x00000007069fffe8, 0x0000000706a00000| 99%| O|  |TAMS 0x0000000706800000| PB 0x0000000706800000| Untracked 
|   8|0x0000000706a00000, 0x0000000706bef0d8, 0x0000000706c00000| 96%| O|  |TAMS 0x0000000706a00000| PB 0x0000000706a00000| Untracked 
|   9|0x0000000706c00000, 0x0000000706dffff8, 0x0000000706e00000| 99%| O|  |TAMS 0x0000000706c00000| PB 0x0000000706c00000| Untracked 
|  10|0x0000000706e00000, 0x0000000706ffffe8, 0x0000000707000000| 99%| O|  |TAMS 0x0000000706e00000| PB 0x0000000706e00000| Untracked 
|  11|0x0000000707000000, 0x000000070719cce0, 0x0000000707200000| 80%| O|  |TAMS 0x0000000707000000| PB 0x0000000707000000| Untracked 
|  12|0x0000000707200000, 0x0000000707358b98, 0x0000000707400000| 67%| O|Cm|TAMS 0x0000000707200000| PB 0x0000000707200000| Complete 
|  13|0x0000000707400000, 0x00000007075b2f70, 0x0000000707600000| 84%| O|  |TAMS 0x0000000707400000| PB 0x0000000707400000| Untracked 
|  14|0x0000000707600000, 0x0000000707600000, 0x0000000707800000|  0%| F|  |TAMS 0x0000000707600000| PB 0x0000000707600000| Untracked 
|  15|0x0000000707800000, 0x0000000707800000, 0x0000000707a00000|  0%| F|  |TAMS 0x0000000707800000| PB 0x0000000707800000| Untracked 
|  16|0x0000000707a00000, 0x0000000707a8bb80, 0x0000000707c00000| 27%| S|  |TAMS 0x0000000707a00000| PB 0x0000000707a00000| Complete 
|  17|0x0000000707c00000, 0x0000000707e00000, 0x0000000707e00000|100%| S|  |TAMS 0x0000000707c00000| PB 0x0000000707c00000| Complete 
|  18|0x0000000707e00000, 0x0000000707ff2570, 0x0000000708000000| 97%| E|CS|TAMS 0x0000000707e00000| PB 0x0000000707e00000| Complete 
|  19|0x0000000708000000, 0x0000000708200000, 0x0000000708200000|100%| E|CS|TAMS 0x0000000708000000| PB 0x0000000708000000| Complete 
|  20|0x0000000708200000, 0x0000000708400000, 0x0000000708400000|100%| S|  |TAMS 0x0000000708200000| PB 0x0000000708200000| Complete 
|  21|0x0000000708400000, 0x0000000708600000, 0x0000000708600000|100%| E|CS|TAMS 0x0000000708400000| PB 0x0000000708400000| Complete 
|  22|0x0000000708600000, 0x0000000708800000, 0x0000000708800000|100%| E|CS|TAMS 0x0000000708600000| PB 0x0000000708600000| Complete 
|  23|0x0000000708800000, 0x0000000708a00000, 0x0000000708a00000|100%| E|CS|TAMS 0x0000000708800000| PB 0x0000000708800000| Complete 
|  24|0x0000000708a00000, 0x0000000708c00000, 0x0000000708c00000|100%| E|CS|TAMS 0x0000000708a00000| PB 0x0000000708a00000| Complete 
|  25|0x0000000708c00000, 0x0000000708e00000, 0x0000000708e00000|100%| E|CS|TAMS 0x0000000708c00000| PB 0x0000000708c00000| Complete 
|  26|0x0000000708e00000, 0x0000000709000000, 0x0000000709000000|100%| E|CS|TAMS 0x0000000708e00000| PB 0x0000000708e00000| Complete 
|  27|0x0000000709000000, 0x0000000709200000, 0x0000000709200000|100%| E|CS|TAMS 0x0000000709000000| PB 0x0000000709000000| Complete 
|  28|0x0000000709200000, 0x0000000709400000, 0x0000000709400000|100%| E|CS|TAMS 0x0000000709200000| PB 0x0000000709200000| Complete 
|  29|0x0000000709400000, 0x0000000709600000, 0x0000000709600000|100%| E|CS|TAMS 0x0000000709400000| PB 0x0000000709400000| Complete 
|  30|0x0000000709600000, 0x0000000709800000, 0x0000000709800000|100%| E|CS|TAMS 0x0000000709600000| PB 0x0000000709600000| Complete 
|  31|0x0000000709800000, 0x0000000709a00000, 0x0000000709a00000|100%| E|CS|TAMS 0x0000000709800000| PB 0x0000000709800000| Complete 
|  32|0x0000000709a00000, 0x0000000709c00000, 0x0000000709c00000|100%| E|CS|TAMS 0x0000000709a00000| PB 0x0000000709a00000| Complete 
|  33|0x0000000709c00000, 0x0000000709e00000, 0x0000000709e00000|100%| E|CS|TAMS 0x0000000709c00000| PB 0x0000000709c00000| Complete 
|  34|0x0000000709e00000, 0x000000070a000000, 0x000000070a000000|100%| E|CS|TAMS 0x0000000709e00000| PB 0x0000000709e00000| Complete 
|  35|0x000000070a000000, 0x000000070a200000, 0x000000070a200000|100%| E|CS|TAMS 0x000000070a000000| PB 0x000000070a000000| Complete 
|  36|0x000000070a200000, 0x000000070a400000, 0x000000070a400000|100%| E|CS|TAMS 0x000000070a200000| PB 0x000000070a200000| Complete 
|  37|0x000000070a400000, 0x000000070a600000, 0x000000070a600000|100%| E|CS|TAMS 0x000000070a400000| PB 0x000000070a400000| Complete 
|  38|0x000000070a600000, 0x000000070a800000, 0x000000070a800000|100%| E|CS|TAMS 0x000000070a600000| PB 0x000000070a600000| Complete 
|  39|0x000000070a800000, 0x000000070aa00000, 0x000000070aa00000|100%| E|CS|TAMS 0x000000070a800000| PB 0x000000070a800000| Complete 
|  40|0x000000070aa00000, 0x000000070ac00000, 0x000000070ac00000|100%| E|CS|TAMS 0x000000070aa00000| PB 0x000000070aa00000| Complete 
|  41|0x000000070ac00000, 0x000000070ae00000, 0x000000070ae00000|100%| E|CS|TAMS 0x000000070ac00000| PB 0x000000070ac00000| Complete 
|  42|0x000000070ae00000, 0x000000070b000000, 0x000000070b000000|100%| E|CS|TAMS 0x000000070ae00000| PB 0x000000070ae00000| Complete 
|  43|0x000000070b000000, 0x000000070b200000, 0x000000070b200000|100%| E|CS|TAMS 0x000000070b000000| PB 0x000000070b000000| Complete 

Card table byte_map: [0x000002603b950000,0x000002603c130000] _byte_map_base: 0x0000026038123000

Marking Bits: (CMBitMap*) 0x000002602f7cf800
 Bits: [0x000002603c130000, 0x000002603ffc8000)

Polling page: 0x000002602d760000

Metaspace:

Usage:
  Non-class:     61.35 MB used.
      Class:      9.90 MB used.
       Both:     71.25 MB used.

Virtual space:
  Non-class space:       64.00 MB reserved,      61.75 MB ( 96%) committed,  1 nodes.
      Class space:        1.00 GB reserved,      10.31 MB (  1%) committed,  1 nodes.
             Both:        1.06 GB reserved,      72.06 MB (  7%) committed. 

Chunk freelists:
   Non-Class:  1.88 MB
       Class:  5.67 MB
        Both:  7.56 MB

MaxMetaspaceSize: unlimited
CompressedClassSpaceSize: 1.00 GB
Initial GC threshold: 21.00 MB
Current GC threshold: 120.75 MB
CDS: on
 - commit_granule_bytes: 65536.
 - commit_granule_words: 8192.
 - virtual_space_node_default_size: 8388608.
 - enlarge_chunks_in_place: 1.
 - use_allocation_guard: 0.


Internal statistics:

num_allocs_failed_limit: 6.
num_arena_births: 3028.
num_arena_deaths: 2134.
num_vsnodes_births: 2.
num_vsnodes_deaths: 0.
num_space_committed: 1174.
num_space_uncommitted: 16.
num_chunks_returned_to_freelist: 3168.
num_chunks_taken_from_freelist: 6881.
num_chunk_merges: 519.
num_chunk_splits: 3523.
num_chunks_enlarged: 2570.
num_inconsistent_stats: 0.

CodeCache: size=49152Kb used=18891Kb max_used=20379Kb free=30260Kb
 bounds [0x0000026037e30000, 0x0000026039270000, 0x000002603ae30000]
 total_blobs=9731 nmethods=9014 adapters=640
 compilation: enabled
              stopped_count=0, restarted_count=0
 full_count=0

Compilation events (20 events):
Event: 8803.839 Thread 0x000002608bca7b00 13339       1       org.hibernate.metamodel.model.domain.internal.AbstractAttribute::getPersistentAttributeType (8 bytes)
Event: 8803.839 Thread 0x000002608bca7b00 nmethod 13339 0x00000260390e8790 code [0x00000260390e8920, 0x00000260390e89f8]
Event: 8803.844 Thread 0x0000026088001480 13340   !   1       org.springframework.core.$Proxy68::getUpperBounds (29 bytes)
Event: 8803.844 Thread 0x000002608bca7b00 13341       1       org.springframework.data.util.ClassTypeInformation::getSuperTypeInformation (6 bytes)
Event: 8803.844 Thread 0x000002608bca7b00 nmethod 13341 0x0000026038fbcb10 code [0x0000026038fbccc0, 0x0000026038fbcdc0]
Event: 8803.844 Thread 0x0000026088001480 nmethod 13340 0x0000026038fbc510 code [0x0000026038fbc6e0, 0x0000026038fbc968]
Event: 8803.845 Thread 0x0000026088001480 13342       1       java.lang.reflect.Proxy::getLoader (20 bytes)
Event: 8803.845 Thread 0x000002608bca7b00 13343       1       java.lang.reflect.Proxy$$Lambda/0x000002604403ebf0::<init> (10 bytes)
Event: 8803.845 Thread 0x000002608bca7b00 nmethod 13343 0x00000260390ef910 code [0x00000260390efaa0, 0x00000260390efbb8]
Event: 8803.845 Thread 0x000002608bca7b00 13344       1       java.lang.reflect.Proxy$$Lambda/0x000002604403ebf0::run (8 bytes)
Event: 8803.845 Thread 0x000002608bca7b00 nmethod 13344 0x0000026039101a90 code [0x0000026039101c20, 0x0000026039101cf8]
Event: 8803.845 Thread 0x0000026088001480 nmethod 13342 0x0000026038fbbe10 code [0x0000026038fbc000, 0x0000026038fbc2b0]
Event: 8803.979 Thread 0x000002608bca7b00 13345       1       sun.net.util.IPAddressUtil::digit (18 bytes)
Event: 8803.979 Thread 0x000002608bca7b00 nmethod 13345 0x0000026039118310 code [0x00000260391184c0, 0x0000026039118590]
Event: 8862.871 Thread 0x0000026088001480 13346       1       org.springframework.boot.devtools.filewatch.DirectorySnapshot::getDirectory (5 bytes)
Event: 8862.871 Thread 0x0000026088001480 nmethod 13346 0x0000026038fbbb10 code [0x0000026038fbbca0, 0x0000026038fbbd70]
Event: 8973.162 Thread 0x0000026088001480 13347       1       org.springframework.boot.devtools.filewatch.ChangedFiles::getFiles (5 bytes)
Event: 8973.163 Thread 0x0000026088001480 nmethod 13347 0x0000026038fbb810 code [0x0000026038fbb9a0, 0x0000026038fbba70]
Event: 9010.382 Thread 0x0000026088001480 13348       1       java.util.concurrent.locks.AbstractQueuedSynchronizer::acquire (20 bytes)
Event: 9010.382 Thread 0x0000026088001480 nmethod 13348 0x0000026038fbb410 code [0x0000026038fbb5c0, 0x0000026038fbb730]

GC Heap History (20 events):
Event: 8626.089 GC heap after
{Heap after GC invocations=85 (full 18):
 garbage-first heap   total 90112K, used 33392K [0x0000000705a00000, 0x0000000800000000)
  region size 2048K, 2 young (4096K), 2 survivors (4096K)
 Metaspace       used 72896K, committed 73728K, reserved 1114112K
  class space    used 10124K, committed 10560K, reserved 1048576K
}
Event: 8626.283 GC heap before
{Heap before GC invocations=85 (full 18):
 garbage-first heap   total 90112K, used 72304K [0x0000000705a00000, 0x0000000800000000)
  region size 2048K, 21 young (43008K), 2 survivors (4096K)
 Metaspace       used 73105K, committed 73984K, reserved 1114112K
  class space    used 10141K, committed 10560K, reserved 1048576K
}
Event: 8626.288 GC heap after
{Heap after GC invocations=86 (full 18):
 garbage-first heap   total 90112K, used 36819K [0x0000000705a00000, 0x0000000800000000)
  region size 2048K, 2 young (4096K), 2 survivors (4096K)
 Metaspace       used 73105K, committed 73984K, reserved 1114112K
  class space    used 10141K, committed 10560K, reserved 1048576K
}
Event: 8687.367 GC heap before
{Heap before GC invocations=86 (full 18):
 garbage-first heap   total 90112K, used 53203K [0x0000000705a00000, 0x0000000800000000)
  region size 2048K, 11 young (22528K), 2 survivors (4096K)
 Metaspace       used 73159K, committed 73984K, reserved 1114112K
  class space    used 10150K, committed 10560K, reserved 1048576K
}
Event: 8687.406 GC heap after
{Heap after GC invocations=87 (full 19):
 garbage-first heap   total 90112K, used 27247K [0x0000000705a00000, 0x0000000800000000)
  region size 2048K, 0 young (0K), 0 survivors (0K)
 Metaspace       used 72613K, committed 73728K, reserved 1114112K
  class space    used 10101K, committed 10560K, reserved 1048576K
}
Event: 8687.958 GC heap before
{Heap before GC invocations=87 (full 19):
 garbage-first heap   total 90112K, used 70255K [0x0000000705a00000, 0x0000000800000000)
  region size 2048K, 22 young (45056K), 0 survivors (0K)
 Metaspace       used 72678K, committed 73728K, reserved 1114112K
  class space    used 10110K, committed 10560K, reserved 1048576K
}
Event: 8687.960 GC heap after
{Heap after GC invocations=88 (full 19):
 garbage-first heap   total 90112K, used 31092K [0x0000000705a00000, 0x0000000800000000)
  region size 2048K, 2 young (4096K), 2 survivors (4096K)
 Metaspace       used 72678K, committed 73728K, reserved 1114112K
  class space    used 10110K, committed 10560K, reserved 1048576K
}
Event: 8709.763 GC heap before
{Heap before GC invocations=89 (full 19):
 garbage-first heap   total 90112K, used 65908K [0x0000000705a00000, 0x0000000800000000)
  region size 2048K, 20 young (40960K), 2 survivors (4096K)
 Metaspace       used 72912K, committed 73792K, reserved 1114112K
  class space    used 10130K, committed 10560K, reserved 1048576K
}
Event: 8709.809 GC heap after
{Heap after GC invocations=90 (full 20):
 garbage-first heap   total 90112K, used 27285K [0x0000000705a00000, 0x0000000800000000)
  region size 2048K, 0 young (0K), 0 survivors (0K)
 Metaspace       used 72629K, committed 73792K, reserved 1114112K
  class space    used 10103K, committed 10560K, reserved 1048576K
}
Event: 8710.222 GC heap before
{Heap before GC invocations=90 (full 20):
 garbage-first heap   total 90112K, used 74389K [0x0000000705a00000, 0x0000000800000000)
  region size 2048K, 24 young (49152K), 0 survivors (0K)
 Metaspace       used 72737K, committed 73792K, reserved 1114112K
  class space    used 10117K, committed 10560K, reserved 1048576K
}
Event: 8710.227 GC heap after
{Heap after GC invocations=91 (full 20):
 garbage-first heap   total 90112K, used 31128K [0x0000000705a00000, 0x0000000800000000)
  region size 2048K, 2 young (4096K), 2 survivors (4096K)
 Metaspace       used 72737K, committed 73792K, reserved 1114112K
  class space    used 10117K, committed 10560K, reserved 1048576K
}
Event: 8766.415 GC heap before
{Heap before GC invocations=92 (full 20):
 garbage-first heap   total 90112K, used 65944K [0x0000000705a00000, 0x0000000800000000)
  region size 2048K, 20 young (40960K), 2 survivors (4096K)
 Metaspace       used 72898K, committed 73792K, reserved 1114112K
  class space    used 10127K, committed 10560K, reserved 1048576K
}
Event: 8766.459 GC heap after
{Heap after GC invocations=93 (full 21):
 garbage-first heap   total 90112K, used 27387K [0x0000000705a00000, 0x0000000800000000)
  region size 2048K, 0 young (0K), 0 survivors (0K)
 Metaspace       used 72628K, committed 73792K, reserved 1114112K
  class space    used 10102K, committed 10560K, reserved 1048576K
}
Event: 8766.810 GC heap before
{Heap before GC invocations=93 (full 21):
 garbage-first heap   total 90112K, used 70395K [0x0000000705a00000, 0x0000000800000000)
  region size 2048K, 22 young (45056K), 0 survivors (0K)
 Metaspace       used 72694K, committed 73792K, reserved 1114112K
  class space    used 10111K, committed 10560K, reserved 1048576K
}
Event: 8766.813 GC heap after
{Heap after GC invocations=94 (full 21):
 garbage-first heap   total 90112K, used 30957K [0x0000000705a00000, 0x0000000800000000)
  region size 2048K, 2 young (4096K), 2 survivors (4096K)
 Metaspace       used 72694K, committed 73792K, reserved 1114112K
  class space    used 10111K, committed 10560K, reserved 1048576K
}
Event: 8803.377 GC heap before
{Heap before GC invocations=95 (full 21):
 garbage-first heap   total 90112K, used 65773K [0x0000000705a00000, 0x0000000800000000)
  region size 2048K, 20 young (40960K), 2 survivors (4096K)
 Metaspace       used 72962K, committed 73792K, reserved 1114112K
  class space    used 10141K, committed 10560K, reserved 1048576K
}
Event: 8803.419 GC heap after
{Heap after GC invocations=96 (full 22):
 garbage-first heap   total 90112K, used 27229K [0x0000000705a00000, 0x0000000800000000)
  region size 2048K, 0 young (0K), 0 survivors (0K)
 Metaspace       used 72688K, committed 73792K, reserved 1114112K
  class space    used 10115K, committed 10560K, reserved 1048576K
}
Event: 8803.803 GC heap before
{Heap before GC invocations=96 (full 22):
 garbage-first heap   total 90112K, used 74333K [0x0000000705a00000, 0x0000000800000000)
  region size 2048K, 24 young (49152K), 0 survivors (0K)
 Metaspace       used 72800K, committed 73792K, reserved 1114112K
  class space    used 10130K, committed 10560K, reserved 1048576K
}
Event: 8803.808 GC heap after
{Heap after GC invocations=97 (full 22):
 garbage-first heap   total 90112K, used 31271K [0x0000000705a00000, 0x0000000800000000)
  region size 2048K, 2 young (4096K), 2 survivors (4096K)
 Metaspace       used 72800K, committed 73792K, reserved 1114112K
  class space    used 10130K, committed 10560K, reserved 1048576K
}
Event: 9188.037 GC heap before
{Heap before GC invocations=98 (full 22):
 garbage-first heap   total 90112K, used 78375K [0x0000000705a00000, 0x0000000800000000)
  region size 2048K, 25 young (51200K), 2 survivors (4096K)
 Metaspace       used 72959K, committed 73792K, reserved 1114112K
  class space    used 10139K, committed 10560K, reserved 1048576K
}

Dll operation events (12 events):
Event: 0.007 Loaded shared library C:\pleiades\2024-03\java\21\bin\java.dll
Event: 0.106 Loaded shared library C:\pleiades\2024-03\java\21\bin\zip.dll
Event: 0.109 Loaded shared library C:\pleiades\2024-03\java\21\bin\instrument.dll
Event: 0.113 Loaded shared library C:\pleiades\2024-03\java\21\bin\net.dll
Event: 0.114 Loaded shared library C:\pleiades\2024-03\java\21\bin\nio.dll
Event: 0.116 Loaded shared library C:\pleiades\2024-03\java\21\bin\zip.dll
Event: 0.199 Loaded shared library C:\pleiades\2024-03\java\21\bin\jimage.dll
Event: 0.224 Loaded shared library C:\pleiades\2024-03\java\21\bin\management.dll
Event: 0.229 Loaded shared library C:\pleiades\2024-03\java\21\bin\management_ext.dll
Event: 0.331 Loaded shared library C:\pleiades\2024-03\java\21\bin\verify.dll
Event: 0.381 Loaded shared library C:\pleiades\2024-03\java\21\bin\extnet.dll
Event: 1.121 Loaded shared library C:\pleiades\2024-03\java\21\bin\sunmscapi.dll

Deoptimization events (20 events):
Event: 8803.848 Thread 0x000002608abd78b0 DEOPT PACKING pc=0x000002603860b36c sp=0x000000f663bf7c90
Event: 8803.848 Thread 0x000002608abd78b0 DEOPT UNPACKING pc=0x0000026037e84e42 sp=0x000000f663bf71c8 mode 1
Event: 8803.848 Thread 0x000002608abd78b0 DEOPT PACKING pc=0x000002603860c374 sp=0x000000f663bf7d80
Event: 8803.848 Thread 0x000002608abd78b0 DEOPT UNPACKING pc=0x0000026037e84e42 sp=0x000000f663bf7330 mode 1
Event: 8803.848 Thread 0x000002608abd78b0 DEOPT PACKING pc=0x00000260386059ac sp=0x000000f663bf7ef0
Event: 8803.848 Thread 0x000002608abd78b0 DEOPT UNPACKING pc=0x0000026037e84e42 sp=0x000000f663bf74b0 mode 1
Event: 8803.848 Thread 0x000002608abd78b0 DEOPT PACKING pc=0x000002603860b36c sp=0x000000f663bfb8c0
Event: 8803.848 Thread 0x000002608abd78b0 DEOPT UNPACKING pc=0x0000026037e84e42 sp=0x000000f663bfadf8 mode 1
Event: 8803.848 Thread 0x000002608abd78b0 DEOPT PACKING pc=0x000002603860c374 sp=0x000000f663bfb9b0
Event: 8803.848 Thread 0x000002608abd78b0 DEOPT UNPACKING pc=0x0000026037e84e42 sp=0x000000f663bfaf60 mode 1
Event: 8803.848 Thread 0x000002608abd78b0 DEOPT PACKING pc=0x00000260386059ac sp=0x000000f663bfbb20
Event: 8803.848 Thread 0x000002608abd78b0 DEOPT UNPACKING pc=0x0000026037e84e42 sp=0x000000f663bfb0e0 mode 1
Event: 8803.848 Thread 0x000002608abd78b0 DEOPT PACKING pc=0x00000260385efcb4 sp=0x000000f663bfca50
Event: 8803.848 Thread 0x000002608abd78b0 DEOPT UNPACKING pc=0x0000026037e84e42 sp=0x000000f663bfbfb0 mode 1
Event: 8803.848 Thread 0x000002608abd78b0 DEOPT PACKING pc=0x0000026038a35fec sp=0x000000f663bfcb70
Event: 8803.848 Thread 0x000002608abd78b0 DEOPT UNPACKING pc=0x0000026037e84e42 sp=0x000000f663bfc040 mode 1
Event: 8803.848 Thread 0x000002608abd78b0 DEOPT PACKING pc=0x00000260385efcb4 sp=0x000000f663bfca40
Event: 8803.848 Thread 0x000002608abd78b0 DEOPT UNPACKING pc=0x0000026037e84e42 sp=0x000000f663bfbfb8 mode 1
Event: 8826.078 Thread 0x000002608abd78b0 DEOPT PACKING pc=0x00000260383f5244 sp=0x000000f663bfd9d0
Event: 8826.078 Thread 0x000002608abd78b0 DEOPT UNPACKING pc=0x0000026037e84e42 sp=0x000000f663bfce88 mode 0

Classes loaded (20 events):
Event: 6727.204 Loading class java/lang/invoke/MethodHandleImpl$CountingWrapper$1
Event: 6727.204 Loading class java/lang/invoke/MethodHandleImpl$CountingWrapper$1 done
Event: 6727.380 Loading class java/time/DurationEditor
Event: 6727.380 Loading class java/time/DurationEditor done
Event: 6836.541 Loading class java/time/DurationEditor
Event: 6836.541 Loading class java/time/DurationEditor done
Event: 6902.057 Loading class java/time/DurationEditor
Event: 6902.057 Loading class java/time/DurationEditor done
Event: 7833.788 Loading class java/time/DurationEditor
Event: 7833.788 Loading class java/time/DurationEditor done
Event: 7942.385 Loading class java/time/DurationEditor
Event: 7942.385 Loading class java/time/DurationEditor done
Event: 8060.220 Loading class java/time/DurationEditor
Event: 8060.220 Loading class java/time/DurationEditor done
Event: 8400.309 Loading class java/time/DurationEditor
Event: 8400.309 Loading class java/time/DurationEditor done
Event: 8626.222 Loading class java/time/DurationEditor
Event: 8626.222 Loading class java/time/DurationEditor done
Event: 8688.050 Loading class java/time/DurationEditor
Event: 8688.050 Loading class java/time/DurationEditor done

Classes unloaded (20 events):
Event: 8803.390 Thread 0x00000260429b4530 Unloading class 0x0000026044464a80 'webapp/entity/TaskList$HibernateProxy$NhkTdg3P'
Event: 8803.390 Thread 0x00000260429b4530 Unloading class 0x0000026044464860 'webapp/entity/AuthUser$HibernateInstantiator$XzWmVcNS'
Event: 8803.390 Thread 0x00000260429b4530 Unloading class 0x0000026044464500 'webapp/entity/AuthUser$HibernateProxy$KqcUSSUv'
Event: 8803.390 Thread 0x00000260429b4530 Unloading class 0x0000026044464280 'webapp/auth/WebSecurityConfig$$SpringCGLIB$$FastClass$$1'
Event: 8803.390 Thread 0x00000260429b4530 Unloading class 0x0000026044464000 'webapp/auth/WebSecurityConfig$$SpringCGLIB$$FastClass$$0'
Event: 8803.390 Thread 0x00000260429b4530 Unloading class 0x00000260448c0cf0 'webapp/auth/WebSecurityConfig$$SpringCGLIB$$0'
Event: 8803.390 Thread 0x00000260429b4530 Unloading class 0x00000260448c0ac0 'webapp/WebAppSpringApplication$$SpringCGLIB$$0'
Event: 8803.390 Thread 0x00000260429b4530 Unloading class 0x00000260448c0870 'webapp/entity/AuthUser'
Event: 8803.390 Thread 0x00000260429b4530 Unloading class 0x00000260448c0678 'webapp/repository/UserInfoRepository'
Event: 8803.390 Thread 0x00000260429b4530 Unloading class 0x00000260448c0408 'webapp/entity/TaskList'
Event: 8803.390 Thread 0x00000260429b4530 Unloading class 0x00000260448c0210 'webapp/repository/TaskListRepository'
Event: 8803.390 Thread 0x00000260429b4530 Unloading class 0x00000260448c0000 'webapp/service/TaskListService'
Event: 8803.390 Thread 0x00000260429b4530 Unloading class 0x0000026044930430 'webapp/service/LoginService'
Event: 8803.390 Thread 0x00000260429b4530 Unloading class 0x0000026044930210 'webapp/controller/UserController'
Event: 8803.390 Thread 0x00000260429b4530 Unloading class 0x0000026044930000 'webapp/controller/TaskListController'
Event: 8803.390 Thread 0x00000260429b4530 Unloading class 0x00000260440dfc28 'webapp/auth/WebSecurityConfig'
Event: 8803.390 Thread 0x00000260429b4530 Unloading class 0x00000260440dfa00 'webapp/auth/UserDetailsServiceImpl'
Event: 8803.390 Thread 0x00000260429b4530 Unloading class 0x00000260440df800 'webapp/WebAppSpringApplication'
Event: 8803.390 Thread 0x00000260429b4530 Unloading class 0x0000026044a4c400 'java/lang/invoke/LambdaForm$MH+0x0000026044a4c400'
Event: 8803.390 Thread 0x00000260429b4530 Unloading class 0x0000026044a62c00 'java/lang/invoke/LambdaForm$MH+0x0000026044a62c00'

Classes redefined (2 events):
Event: 1695.899 Thread 0x00000260429b4530 redefined class name=webapp.auth.WebSecurityConfig, count=1
Event: 1695.899 Thread 0x00000260429b4530 redefined class name=webapp.auth.WebSecurityConfig, count=1

Internal exceptions (20 events):
Event: 8766.415 Thread 0x000002608abd8c60 Exception <a 'java/lang/InterruptedException'{0x0000000708e11eb0}: sleep interrupted> (0x0000000708e11eb0) 
thrown [s\src\hotspot\share\prims\jvm.cpp, line 3074]
Event: 8766.470 Thread 0x000002608bae9f70 Exception <a 'sun/nio/fs/WindowsException'{0x000000070b077d40}> (0x000000070b077d40) 
thrown [s\src\hotspot\share\prims\jni.cpp, line 520]
Event: 8766.648 Thread 0x000002608bae9f70 Exception <a 'java/lang/NoClassDefFoundError'{0x000000070972e728}: org/flywaydb/core/Flyway> (0x000000070972e728) 
thrown [s\src\hotspot\share\oops\constantPool.cpp, line 871]
Event: 8766.735 Thread 0x000002608bae9f70 Exception <a 'java/lang/NoClassDefFoundError'{0x000000070972ed88}: liquibase/integration/spring/SpringLiquibase> (0x000000070972ed88) 
thrown [s\src\hotspot\share\oops\constantPool.cpp, line 871]
Event: 8766.739 Thread 0x000002608bae9f70 Exception <a 'java/lang/NoClassDefFoundError'{0x00000007097a9a18}: org/jooq/DSLContext> (0x00000007097a9a18) 
thrown [s\src\hotspot\share\oops\constantPool.cpp, line 871]
Event: 8766.740 Thread 0x000002608bae9f70 Exception <a 'java/lang/NoClassDefFoundError'{0x00000007097b65e0}: org/springframework/batch/core/repository/JobRepository> (0x00000007097b65e0) 
thrown [s\src\hotspot\share\oops\constantPool.cpp, line 871]
Event: 8766.740 Thread 0x000002608bae9f70 Exception <a 'java/lang/NoClassDefFoundError'{0x00000007097b6c38}: org/quartz/Scheduler> (0x00000007097b6c38) 
thrown [s\src\hotspot\share\oops\constantPool.cpp, line 871]
Event: 8766.741 Thread 0x000002608bae9f70 Exception <a 'java/lang/NoClassDefFoundError'{0x00000007097b72b8}: org/springframework/session/jdbc/JdbcIndexedSessionRepository> (0x00000007097b72b8) 
thrown [s\src\hotspot\share\oops\constantPool.cpp, line 871]
Event: 8766.768 Thread 0x000002608bae9f70 Exception <a 'java/io/FileNotFoundException'{0x0000000708eb7ae0}> (0x0000000708eb7ae0) 
thrown [s\src\hotspot\share\prims\jni.cpp, line 520]
Event: 8766.781 Thread 0x000002608bae9f70 Exception <a 'java/io/FileNotFoundException'{0x0000000708cb7628}> (0x0000000708cb7628) 
thrown [s\src\hotspot\share\prims\jni.cpp, line 520]
Event: 8803.377 Thread 0x000002608bae7ea0 Exception <a 'java/lang/InterruptedException'{0x0000000708f845d8}: sleep interrupted> (0x0000000708f845d8) 
thrown [s\src\hotspot\share\prims\jvm.cpp, line 3074]
Event: 8803.426 Thread 0x000002608abd78b0 Exception <a 'sun/nio/fs/WindowsException'{0x000000070b07d650}> (0x000000070b07d650) 
thrown [s\src\hotspot\share\prims\jni.cpp, line 520]
Event: 8803.621 Thread 0x000002608abd78b0 Exception <a 'java/lang/NoClassDefFoundError'{0x00000007097339b0}: org/flywaydb/core/Flyway> (0x00000007097339b0) 
thrown [s\src\hotspot\share\oops\constantPool.cpp, line 871]
Event: 8803.692 Thread 0x000002608abd78b0 Exception <a 'java/lang/NoClassDefFoundError'{0x0000000709734010}: liquibase/integration/spring/SpringLiquibase> (0x0000000709734010) 
thrown [s\src\hotspot\share\oops\constantPool.cpp, line 871]
Event: 8803.696 Thread 0x000002608abd78b0 Exception <a 'java/lang/NoClassDefFoundError'{0x000000070979f238}: org/jooq/DSLContext> (0x000000070979f238) 
thrown [s\src\hotspot\share\oops\constantPool.cpp, line 871]
Event: 8803.696 Thread 0x000002608abd78b0 Exception <a 'java/lang/NoClassDefFoundError'{0x00000007097abe08}: org/springframework/batch/core/repository/JobRepository> (0x00000007097abe08) 
thrown [s\src\hotspot\share\oops\constantPool.cpp, line 871]
Event: 8803.697 Thread 0x000002608abd78b0 Exception <a 'java/lang/NoClassDefFoundError'{0x00000007097ac460}: org/quartz/Scheduler> (0x00000007097ac460) 
thrown [s\src\hotspot\share\oops\constantPool.cpp, line 871]
Event: 8803.697 Thread 0x000002608abd78b0 Exception <a 'java/lang/NoClassDefFoundError'{0x00000007097acae0}: org/springframework/session/jdbc/JdbcIndexedSessionRepository> (0x00000007097acae0) 
thrown [s\src\hotspot\share\oops\constantPool.cpp, line 871]
Event: 8803.725 Thread 0x000002608abd78b0 Exception <a 'java/io/FileNotFoundException'{0x0000000708eb11b0}> (0x0000000708eb11b0) 
thrown [s\src\hotspot\share\prims\jni.cpp, line 520]
Event: 8803.740 Thread 0x000002608abd78b0 Exception <a 'java/io/FileNotFoundException'{0x0000000708cca050}> (0x0000000708cca050) 
thrown [s\src\hotspot\share\prims\jni.cpp, line 520]

ZGC Phase Switch (0 events):
No events

VM Operations (20 events):
Event: 8804.036 Executing VM operation: get/set locals done
Event: 8804.037 Executing VM operation: get/set locals
Event: 8804.037 Executing VM operation: get/set locals done
Event: 8804.038 Executing VM operation: get/set locals
Event: 8804.038 Executing VM operation: get/set locals done
Event: 8804.039 Executing VM operation: get/set locals
Event: 8804.039 Executing VM operation: get/set locals done
Event: 8826.078 Executing VM operation: ChangeSingleStep
Event: 8826.078 Executing VM operation: ChangeSingleStep done
Event: 8826.078 Executing VM operation: ChangeSingleStep
Event: 8826.078 Executing VM operation: ChangeSingleStep done
Event: 8838.975 Executing VM operation: HandshakeAllThreads (HandshakeForDeflation)
Event: 8838.975 Executing VM operation: HandshakeAllThreads (HandshakeForDeflation) done
Event: 8838.975 Executing VM operation: RendezvousGCThreads
Event: 8838.975 Executing VM operation: RendezvousGCThreads done
Event: 8959.208 Executing VM operation: HandshakeAllThreads (HandshakeForDeflation)
Event: 8959.208 Executing VM operation: HandshakeAllThreads (HandshakeForDeflation) done
Event: 8959.208 Executing VM operation: RendezvousGCThreads
Event: 8959.208 Executing VM operation: RendezvousGCThreads done
Event: 9188.037 Executing VM operation: G1CollectForAllocation (G1 Evacuation Pause)

Events (20 events):
Event: 8803.402 Thread 0x00000260429b4530 flushing nmethod 0x000002603801b890
Event: 8803.402 Thread 0x00000260429b4530 flushing nmethod 0x0000026037f85610
Event: 8803.402 Thread 0x00000260429b4530 flushing nmethod 0x0000026037f53310
Event: 8803.402 Thread 0x00000260429b4530 flushing nmethod 0x0000026037f4f890
Event: 8803.420 Thread 0x000002608abd78b0 Thread added: 0x000002608abd78b0
Event: 8803.420 Thread 0x000002608abd78b0 Thread exited: 0x000002608abd78b0
Event: 8803.420 Thread 0x000002608abd78b0 Thread added: 0x000002608abd78b0
Event: 8803.460 Thread 0x000002608abd8c60 Thread added: 0x000002608abd8c60
Event: 8803.484 Thread 0x000002608abd8c60 Thread exited: 0x000002608abd8c60
Event: 8803.740 Thread 0x000002608abd8c60 Thread added: 0x000002608abd8c60
Event: 8803.740 Thread 0x000002608abd92f0 Thread added: 0x000002608abd92f0
Event: 8803.741 Thread 0x000002608abda010 Thread added: 0x000002608abda010
Event: 8803.764 Thread 0x000002608abda6a0 Thread added: 0x000002608abda6a0
Event: 8803.779 Thread 0x000002608bca7b00 Thread added: 0x000002608bca7b00
Event: 8803.869 Thread 0x000002608abd3da0 Thread added: 0x000002608abd3da0
Event: 8808.986 Thread 0x000002608bca7b00 Thread exited: 0x000002608bca7b00
Event: 8809.017 Thread 0x000002608abd3da0 Thread exited: 0x000002608abd3da0
Event: 8841.997 Thread 0x000002608bae6af0 Thread exited: 0x000002608bae6af0
Event: 8852.375 Thread 0x000002608bae7180 Thread exited: 0x000002608bae7180
Event: 8857.000 Thread 0x000002608baea600 Thread exited: 0x000002608baea600


Dynamic libraries:
0x00007ff652a20000 - 0x00007ff652a2e000 	C:\pleiades\2024-03\java\21\bin\javaw.exe
0x00007ff84e190000 - 0x00007ff84e3a7000 	C:\windows\SYSTEM32\ntdll.dll
0x00007ff84d740000 - 0x00007ff84d804000 	C:\windows\System32\KERNEL32.DLL
0x00007ff84b710000 - 0x00007ff84bab7000 	C:\windows\System32\KERNELBASE.dll
0x00007ff84bda0000 - 0x00007ff84beb1000 	C:\windows\System32\ucrtbase.dll
0x00007ff83d7b0000 - 0x00007ff83d7c8000 	C:\pleiades\2024-03\java\21\bin\jli.dll
0x00007ff839a50000 - 0x00007ff839a6b000 	C:\pleiades\2024-03\java\21\bin\VCRUNTIME140.dll
0x00007ff84d900000 - 0x00007ff84daae000 	C:\windows\System32\USER32.dll
0x00007ff84bac0000 - 0x00007ff84bae6000 	C:\windows\System32\win32u.dll
0x00007ff84bec0000 - 0x00007ff84bee9000 	C:\windows\System32\GDI32.dll
0x00007ff84bbb0000 - 0x00007ff84bcc9000 	C:\windows\System32\gdi32full.dll
0x00007ff84bcd0000 - 0x00007ff84bd6a000 	C:\windows\System32\msvcp_win.dll
0x00007ff822150000 - 0x00007ff8223e3000 	C:\windows\WinSxS\amd64_microsoft.windows.common-controls_6595b64144ccf1df_6.0.22621.3527_none_270e469b73872a76\COMCTL32.dll
0x00007ff84dab0000 - 0x00007ff84db57000 	C:\windows\System32\msvcrt.dll
0x00007ff84d8c0000 - 0x00007ff84d8f1000 	C:\windows\System32\IMM32.DLL
0x00007ff839d80000 - 0x00007ff839d8c000 	C:\pleiades\2024-03\java\21\bin\vcruntime140_1.dll
0x00007ff8395d0000 - 0x00007ff83965e000 	C:\pleiades\2024-03\java\21\bin\msvcp140.dll
0x00007fffaf520000 - 0x00007fffb02a3000 	C:\pleiades\2024-03\java\21\bin\server\jvm.dll
0x00007ff84dcd0000 - 0x00007ff84dd82000 	C:\windows\System32\ADVAPI32.dll
0x00007ff84d810000 - 0x00007ff84d8b8000 	C:\windows\System32\sechost.dll
0x00007ff84bd70000 - 0x00007ff84bd98000 	C:\windows\System32\bcrypt.dll
0x00007ff84e030000 - 0x00007ff84e145000 	C:\windows\System32\RPCRT4.dll
0x00007ff84c9c0000 - 0x00007ff84ca31000 	C:\windows\System32\WS2_32.dll
0x00007ff84b370000 - 0x00007ff84b3bd000 	C:\windows\SYSTEM32\POWRPROF.dll
0x00007ff82fc50000 - 0x00007ff82fc84000 	C:\windows\SYSTEM32\WINMM.dll
0x00007ff844e00000 - 0x00007ff844e0a000 	C:\windows\SYSTEM32\VERSION.dll
0x00007ff84b350000 - 0x00007ff84b363000 	C:\windows\SYSTEM32\UMPDC.dll
0x00007ff84a430000 - 0x00007ff84a448000 	C:\windows\SYSTEM32\kernel.appcore.dll
0x00007ff83d800000 - 0x00007ff83d80a000 	C:\pleiades\2024-03\java\21\bin\jimage.dll
0x00007ff83f820000 - 0x00007ff83fa52000 	C:\windows\SYSTEM32\DBGHELP.DLL
0x00007ff84d2b0000 - 0x00007ff84d638000 	C:\windows\System32\combase.dll
0x00007ff84c410000 - 0x00007ff84c4e7000 	C:\windows\System32\OLEAUT32.dll
0x00007ff83fad0000 - 0x00007ff83fb02000 	C:\windows\SYSTEM32\dbgcore.DLL
0x00007ff84b620000 - 0x00007ff84b699000 	C:\windows\System32\bcryptPrimitives.dll
0x00007ff841090000 - 0x00007ff8410cc000 	C:\pleiades\2024-03\java\21\bin\jdwp.dll
0x00007ff83d7f0000 - 0x00007ff83d7ff000 	C:\pleiades\2024-03\java\21\bin\instrument.dll
0x00007ff83d7d0000 - 0x00007ff83d7ef000 	C:\pleiades\2024-03\java\21\bin\java.dll
0x00007ff84ca50000 - 0x00007ff84d2ac000 	C:\windows\System32\SHELL32.dll
0x00007ff8493a0000 - 0x00007ff849c96000 	C:\windows\SYSTEM32\windows.storage.dll
0x00007ff849260000 - 0x00007ff84939e000 	C:\windows\SYSTEM32\wintypes.dll
0x00007ff84c0e0000 - 0x00007ff84c1d5000 	C:\windows\System32\SHCORE.dll
0x00007ff84dc70000 - 0x00007ff84dcce000 	C:\windows\System32\shlwapi.dll
0x00007ff84b3e0000 - 0x00007ff84b401000 	C:\windows\SYSTEM32\profapi.dll
0x00007ff845d90000 - 0x00007ff845d9c000 	C:\pleiades\2024-03\java\21\bin\dt_socket.dll
0x00007ff849f40000 - 0x00007ff849f6d000 	C:\windows\SYSTEM32\IPHLPAPI.DLL
0x00007ff84a8f0000 - 0x00007ff84a959000 	C:\windows\system32\mswsock.dll
0x00007ff849f70000 - 0x00007ff84a068000 	C:\windows\SYSTEM32\DNSAPI.dll
0x00007ff84c3a0000 - 0x00007ff84c3a9000 	C:\windows\System32\NSI.dll
0x00007ff845b90000 - 0x00007ff845b9a000 	C:\Windows\System32\rasadhlp.dll
0x00007ff845ba0000 - 0x00007ff845c23000 	C:\windows\System32\fwpuclnt.dll
0x00007ff83d790000 - 0x00007ff83d7a8000 	C:\pleiades\2024-03\java\21\bin\zip.dll
0x00007ff83d700000 - 0x00007ff83d710000 	C:\pleiades\2024-03\java\21\bin\net.dll
0x00007ff846630000 - 0x00007ff846766000 	C:\windows\SYSTEM32\WINHTTP.dll
0x00007ff83d470000 - 0x00007ff83d486000 	C:\pleiades\2024-03\java\21\bin\nio.dll
0x00007ff839a30000 - 0x00007ff839a3a000 	C:\pleiades\2024-03\java\21\bin\management.dll
0x00007ff839a10000 - 0x00007ff839a1b000 	C:\pleiades\2024-03\java\21\bin\management_ext.dll
0x00007ff84d680000 - 0x00007ff84d688000 	C:\windows\System32\PSAPI.DLL
0x00007fffdbc10000 - 0x00007fffdbc27000 	C:\windows\system32\napinsp.dll
0x00007fffebae0000 - 0x00007fffebafb000 	C:\windows\system32\pnrpnsp.dll
0x00007fffebac0000 - 0x00007fffebad1000 	C:\windows\System32\winrnr.dll
0x00007ff823180000 - 0x00007ff823195000 	C:\windows\system32\wshbth.dll
0x00007ffff43c0000 - 0x00007ffff43e7000 	C:\windows\system32\nlansp_c.dll
0x00007ff839a40000 - 0x00007ff839a50000 	C:\pleiades\2024-03\java\21\bin\verify.dll
0x00007ff84ac40000 - 0x00007ff84ac5b000 	C:\windows\SYSTEM32\CRYPTSP.dll
0x00007ff84a3f0000 - 0x00007ff84a425000 	C:\windows\system32\rsaenh.dll
0x00007ff84a990000 - 0x00007ff84a9b8000 	C:\windows\SYSTEM32\USERENV.dll
0x00007ff84ac20000 - 0x00007ff84ac2c000 	C:\windows\SYSTEM32\CRYPTBASE.dll
0x00007ff839a20000 - 0x00007ff839a29000 	C:\pleiades\2024-03\java\21\bin\extnet.dll
0x00007ff83d460000 - 0x00007ff83d46e000 	C:\pleiades\2024-03\java\21\bin\sunmscapi.dll
0x00007ff84b4b0000 - 0x00007ff84b618000 	C:\windows\System32\CRYPT32.dll
0x00007ff84ad60000 - 0x00007ff84ad8e000 	C:\windows\SYSTEM32\ncrypt.dll
0x00007ff84ad20000 - 0x00007ff84ad57000 	C:\windows\SYSTEM32\NTASN1.dll
0x00007ff81c060000 - 0x00007ff81c068000 	C:\windows\system32\wshunix.dll

dbghelp: loaded successfully - version: 4.0.5 - missing functions: none
symbol engine: initialized successfully - sym options: 0x614 - pdb path: .;C:\pleiades\2024-03\java\21\bin;C:\windows\SYSTEM32;C:\windows\WinSxS\amd64_microsoft.windows.common-controls_6595b64144ccf1df_6.0.22621.3527_none_270e469b73872a76;C:\pleiades\2024-03\java\21\bin\server

VM Arguments:
jvm_args: -XX:+ShowCodeDetailsInExceptionMessages -agentlib:jdwp=transport=dt_socket,suspend=y,address=localhost:56860 -Dcom.sun.management.jmxremote -Dcom.sun.management.jmxremote.port=56859 -Dcom.sun.management.jmxremote.authenticate=false -Dcom.sun.management.jmxremote.ssl=false -Djava.rmi.server.hostname=localhost -Dspring.jmx.enabled=true -Dmanagement.endpoints.jmx.exposure.include=* -Dspring.application.admin.enabled=true -XX:TieredStopAtLevel=1 -Dspring.boot.project.name=WebAppSpring -javaagent:C:\pleiades\2024-03\eclipse\configuration\org.eclipse.osgi\251\0\.cp\lib\javaagent-shaded.jar -Dfile.encoding=UTF-8 -Dstdout.encoding=UTF-8 -Dstderr.encoding=UTF-8 
java_command: webapp.WebAppSpringApplication --spring.output.ansi.enabled=always
java_class_path (initial): C:\pleiades\2024-03\workspace\WebAppSpring\target\classes;C:\Users\USER\.m2\repository\org\springframework\boot\spring-boot-starter-thymeleaf\3.2.5\spring-boot-starter-thymeleaf-3.2.5.jar;C:\Users\USER\.m2\repository\org\springframework\boot\spring-boot-starter\3.2.5\spring-boot-starter-3.2.5.jar;C:\Users\USER\.m2\repository\org\springframework\boot\spring-boot-starter-logging\3.2.5\spring-boot-starter-logging-3.2.5.jar;C:\Users\USER\.m2\repository\ch\qos\logback\logback-classic\1.4.14\logback-classic-1.4.14.jar;C:\Users\USER\.m2\repository\ch\qos\logback\logback-core\1.4.14\logback-core-1.4.14.jar;C:\Users\USER\.m2\repository\org\apache\logging\log4j\log4j-to-slf4j\2.21.1\log4j-to-slf4j-2.21.1.jar;C:\Users\USER\.m2\repository\org\apache\logging\log4j\log4j-api\2.21.1\log4j-api-2.21.1.jar;C:\Users\USER\.m2\repository\org\slf4j\jul-to-slf4j\2.0.13\jul-to-slf4j-2.0.13.jar;C:\Users\USER\.m2\repository\jakarta\annotation\jakarta.annotation-api\2.1.1\jakarta.annotation-api-2.1.1.jar;C:\Users\USER\.m2\repository\org\yaml\snakeyaml\2.2\snakeyaml-2.2.jar;C:\Users\USER\.m2\repository\org\thymeleaf\thymeleaf-spring6\3.1.2.RELEASE\thymeleaf-spring6-3.1.2.RELEASE.jar;C:\Users\USER\.m2\repository\org\thymeleaf\thymeleaf\3.1.2.RELEASE\thymeleaf-3.1.2.RELEASE.jar;C:\Users\USER\.m2\repository\org\attoparser\attoparser\2.0.7.RELEASE\attoparser-2.0.7.RELEASE.jar;C:\Users\USER\.m2\repository\org\unbescape\unbescape\1.1.6.RELEASE\unbescape-1.1.6.RELEASE.jar;C:\Users\USER\.m2\repository\org\slf4j\slf4j-api\2.0.13\slf4j-api-2.0.13.jar;C:\Users\USER\.m2\repository\org\springframework\boot\spring-boot-starter-validation\3.2.5\spring-boot-starter-validation-3.2.5.jar;C:\Users\USER\.m2\repository\org\apache\tomcat\embed\tomcat-embed-el\10.1.20\tomcat-embed-el-10.1.20.jar;C:\Users\USER\.m2\repository\org\hibernate\validator\hibernate-validator\8.0.1.Final\hibernate-validator-8.0.1.Final.jar;C:\Users\USER\.m2\repository\jakarta\validation\jakarta.validation-api\3.0.2\jakarta.validation-api-3.0.2.jar;C:\Users\USER\.m2\repository\org\jboss\logging\jboss-logging\3.5.3.Final\jboss-logging-3.5.3.Final.jar;C:\Users\USER\.m2\repository\com\fasterxml\classmate\1.6.0\classmate-1.6.0.jar;C:\Users\USER\.m2\repository\org\springframework\boot\spring-boot-starter-web\3.2.5\spring-boot-starter-web-3.2.5.jar;C:\Users\USER\.m2\repository\org\springframework\boot\spring-boot-starter-json\3.2.5\spring-boot-starter-json-3.2.5.jar;C:\Users\USER\.m2\repository\com\fasterxml\jackson\core\jackson-databind\2.15.4\jackson-databind-2.15.4.jar;C:\Users\USER\.m2\repository\com\fasterxml\jackson\core\jackson-annotations\2.15.4\jackson-annotations-2.15.4.jar;C:\Users\USER\.m2\repository\com\fasterxml\jackson\core\jackson-core\2.15.4\jackson-core-2.15.4.jar;C:\Users\USER\.m2\repository\com\fasterxml\jackson\datatype\jackson-datatype-jdk8\2.15.4\jackson-datatype-jdk8-2.15.4.jar;C:\Users\USER\.m2\repository\com\fasterxml\jackson\datatype\jackson-datatype-jsr310\2.15.4\jackson-datatype-jsr310-2.15.4.jar;C:\Users\USER\.m2\repository\com\fasterxml\jackson\module\jackson-module-parameter-names\2.15.4\jackson-module-parameter-names-2.15.4.jar;C:\Users\USER\.m2\repository\org\springframework\boot\spring-boot-starter-tomcat\3.2.5\spring-boot-starter-tomcat-3.2.5.jar;C:\Users\USER\.m2\repository\org\apache\tomcat\embed\tomcat-embed-core\10.1.20\tomcat-embed-core-10.1.20.jar;C:\Users\USER\.m2\repository\org\apache\tomcat\embed\tomcat-embed-websocket\10.1.20\tomcat-embed-websocket-10.1.20.jar;C:\Users\USER\.m2\repository\org\springframework\spring-web\6.1.6\spring-web-6.1.6.jar;C:\Users\USER\.m2\repository\org\springframework\spring-beans\6.1.6\spring-beans-6.1.6.jar;C:\Users\USER\.m2\repository\io\micrometer\micrometer-observation\1.12.5\micrometer-observation-1.12.5.jar;C:\Users\USER\.m2\repository\io\micrometer\micrometer-commons\1.12.5\micrometer-commons-1.12.5.jar;C:\Users\USER\.m2\repository\org\springframework\spring-webmvc\6.1.6\spring-webmvc-6.1.6.jar;C:\Users\USER\.m2\repository\org\springframework\spring-context\6.1.6\spring-context-6.1.6.jar;C:\Users\USER\.m2\repository\org\springframework\spring-expression\6.1.6\spring-expression-6.1.6.jar;C:\Users\USER\.m2\repository\org\springframework\boot\spring-boot-starter-data-jpa\3.2.5\spring-boot-starter-data-jpa-3.2.5.jar;C:\Users\USER\.m2\repository\org\springframework\boot\spring-boot-starter-aop\3.2.5\spring-boot-starter-aop-3.2.5.jar;C:\Users\USER\.m2\repository\org\aspectj\aspectjweaver\1.9.22\aspectjweaver-1.9.22.jar;C:\Users\USER\.m2\repository\org\hibernate\orm\hibernate-core\6.4.4.Final\hibernate-core-6.4.4.Final.jar;C:\Users\USER\.m2\repository\jakarta\persistence\jakarta.persistence-api\3.1.0\jakarta.persistence-api-3.1.0.jar;C:\Users\USER\.m2\repository\jakarta\transaction\jakarta.transaction-api\2.0.1\jakarta.transaction-api-2.0.1.jar;C:\Users\USER\.m2\repository\org\hibernate\common\hibernate-commons-annotations\6.0.6.Final\hibernate-commons-annotations-6.0.6.Final.jar;C:\Users\USER\.m2\repository\io\smallrye\jandex\3.1.2\jandex-3.1.2.jar;C:\Users\USER\.m2\repository\net\bytebuddy\byte-buddy\1.14.13\byte-buddy-1.14.13.jar;C:\Users\USER\.m2\repository\org\glassfish\jaxb\jaxb-runtime\4.0.5\jaxb-runtime-4.0.5.jar;C:\Users\USER\.m2\repository\org\glassfish\jaxb\jaxb-core\4.0.5\jaxb-core-4.0.5.jar;C:\Users\USER\.m2\repository\org\eclipse\angus\angus-activation\2.0.2\angus-activation-2.0.2.jar;C:\Users\USER\.m2\repository\org\glassfish\jaxb\txw2\4.0.5\txw2-4.0.5.jar;C:\Users\USER\.m2\repository\com\sun\istack\istack-commons-runtime\4.1.2\istack-commons-runtime-4.1.2.jar;C:\Users\USER\.m2\repository\jakarta\inject\jakarta.inject-api\2.0.1\jakarta.inject-api-2.0.1.jar;C:\Users\USER\.m2\repository\org\antlr\antlr4-runtime\4.13.0\antlr4-runtime-4.13.0.jar;C:\Users\USER\.m2\repository\org\springframework\data\spring-data-jpa\3.2.5\spring-data-jpa-3.2.5.jar;C:\Users\USER\.m2\repository\org\springframework\data\spring-data-commons\3.2.5\spring-data-commons-3.2.5.jar;C:\Users\USER\.m2\repository\org\springframework\spring-orm\6.1.6\spring-orm-6.1.6.jar;C:\Users\USER\.m2\repository\org\springframework\spring-tx\6.1.6\spring-tx-6.1.6.jar;C:\Users\USER\.m2\repository\org\springframework\spring-aspects\6.1.6\spring-aspects-6.1.6.jar;C:\Users\USER\.m2\repository\org\springframework\boot\spring-boot-starter-security\3.2.5\spring-boot-starter-security-3.2.5.jar;C:\Users\USER\.m2\repository\org\springframework\spring-aop\6.1.6\spring-aop-6.1.6.jar;C:\Users\USER\.m2\repository\org\springframework\security\spring-security-config\6.2.4\spring-security-config-6.2.4.jar;C:\Users\USER\.m2\repository\org\springframework\security\spring-security-core\6.2.4\spring-security-core-6.2.4.jar;C:\Users\USER\.m2\repository\org\springframework\security\spring-security-crypto\6.2.4\spring-security-crypto-6.2.4.jar;C:\Users\USER\.m2\repository\org\springframework\security\spring-security-web\6.2.4\spring-security-web-6.2.4.jar;C:\Users\USER\.m2\repository\com\mysql\mysql-connector-j\8.3.0\mysql-connector-j-8.3.0.jar;C:\Users\USER\.m2\repository\org\projectlombok\lombok\1.18.32\lombok-1.18.32.jar;C:\Users\USER\.m2\repository\jakarta\xml\bind\jakarta.xml.bind-api\4.0.2\jakarta.xml.bind-api-4.0.2.jar;C:\Users\USER\.m2\repository\jakarta\activation\jakarta.activation-api\2.1.3\jakarta.activation-api-2.1.3.jar;C:\Users\USER\.m2\repository\org\springframework\spring-core\6.1.6\spring-core-6.1.6.jar;C:\Users\USER\.m2\repository\org\springframework\spring-jcl\6.1.6\spring-jcl-6.1.6.jar;C:\Users\USER\.m2\repository\org\springframework\boot\spring-boot-devtools\3.2.5\spring-boot-devtools-3.2.5.jar;C:\Users\USER\.m2\repository\org\springframework\boot\spring-boot\3.2.5\spring-boot-3.2.5.jar;C:\Users\USER\.m2\repository\org\springframework\boot\spring-boot-autoconfigure\3.2.5\spring-boot-autoconfigure-3.2.5.jar;C:\Users\USER\.m2\repository\org\mariadb\jdbc\mariadb-java-client\3.3.3\mariadb-java-client-3.3.3.jar;C:\Users\USER\.m2\repository\com\github\waffle\waffle-jna\3.3.0\waffle-jna-3.3.0.jar;C:\Users\USER\.m2\repository\net\java\dev\jna\jna\5.13.0\jna-5.13.0.jar;C:\Users\USER\.m2\repository\net\java\dev\jna\jna-platform\5.13.0\jna-platform-5.13.0.jar;C:\Users\USER\.m2\repository\org\slf4j\jcl-over-slf4j\2.0.13\jcl-over-slf4j-2.0.13.jar;C:\Users\USER\.m2\repository\com\github\ben-manes\caffeine\caffeine\3.1.8\caffeine-3.1.8.jar;C:\Users\USER\.m2\repository\com\google\errorprone\error_prone_annotations\2.21.1\error_prone_annotations-2.21.1.jar;C:\Users\USER\.m2\repository\org\checkerframework\checker-qual\3.32.0\checker-qual-3.32.0.jar;C:\Users\USER\.m2\repository\org\springframework\boot\spring-boot-starter-jdbc\3.2.5\spring-boot-starter-jdbc-3.2.5.jar;C:\Users\USER\.m2\repository\com\zaxxer\HikariCP\5.0.1\HikariCP-5.0.1.jar;C:\Users\USER\.m2\repository\org\springframework\spring-jdbc\6.1.6\spring-jdbc-6.1.6.jar
Launcher Type: SUN_STANDARD

[Global flags]
     intx CICompilerCount                          = 4                                         {product} {ergonomic}
     uint ConcGCThreads                            = 3                                         {product} {ergonomic}
     uint G1ConcRefinementThreads                  = 10                                        {product} {ergonomic}
   size_t G1HeapRegionSize                         = 2097152                                   {product} {ergonomic}
    uintx GCDrainStackTargetSize                   = 64                                        {product} {ergonomic}
   size_t InitialHeapSize                          = 264241152                                 {product} {ergonomic}
     bool ManagementServer                         = true                                      {product} {command line}
   size_t MarkStackSize                            = 4194304                                   {product} {ergonomic}
   size_t MaxHeapSize                              = 4200595456                                {product} {ergonomic}
   size_t MaxNewSize                               = 2518679552                                {product} {ergonomic}
   size_t MinHeapDeltaBytes                        = 2097152                                   {product} {ergonomic}
   size_t MinHeapSize                              = 8388608                                   {product} {ergonomic}
    uintx NonNMethodCodeHeapSize                   = 4096                                   {pd product} {ergonomic}
    uintx NonProfiledCodeHeapSize                  = 0                                      {pd product} {ergonomic}
     bool ProfileInterpreter                       = false                                  {pd product} {command line}
    uintx ProfiledCodeHeapSize                     = 0                                      {pd product} {ergonomic}
     bool ShowCodeDetailsInExceptionMessages       = true                                   {manageable} {command line}
   size_t SoftMaxHeapSize                          = 4200595456                             {manageable} {ergonomic}
     intx TieredStopAtLevel                        = 1                                         {product} {command line}
     bool UseCompressedOops                        = true                           {product lp64_product} {ergonomic}
     bool UseG1GC                                  = true                                      {product} {ergonomic}
     bool UseLargePagesIndividualAllocation        = false                                  {pd product} {ergonomic}

Logging:
Log output configuration:
 #0: stdout all=warning uptime,level,tags foldmultilines=false
 #1: stderr all=off uptime,level,tags foldmultilines=false

Environment Variables:
PATH=C:/pleiades/2024-03/java/21/bin/server;C:/pleiades/2024-03/java/21/bin;C:\windows\system32;C:\windows;C:\windows\System32\Wbem;C:\windows\System32\WindowsPowerShell\v1.0\;C:\windows\System32\OpenSSH\;C:\HashiCorp\Vagrant\bin;C:\Users\USER\AppData\Local\Microsoft\WindowsApps;;C:\pleiades\2024-03\eclipse;
USERNAME=USER
OS=Windows_NT
PROCESSOR_IDENTIFIER=Intel64 Family 6 Model 186 Stepping 3, GenuineIntel
TMP=C:\Users\USER\AppData\Local\Temp
TEMP=C:\Users\USER\AppData\Local\Temp




Periodic native trim disabled

---------------  S Y S T E M  ---------------

OS:
 Windows 11 , 64 bit Build 22621 (10.0.22621.3527)
OS uptime: 3 days 15:49 hours
Hyper-V role detected

CPU: total 12 (initial active 12) (6 cores per cpu, 2 threads per core) family 6 model 186 stepping 3 microcode 0x411d, cx8, cmov, fxsr, ht, mmx, 3dnowpref, sse, sse2, sse3, ssse3, sse4.1, sse4.2, popcnt, lzcnt, tsc, tscinvbit, avx, avx2, aes, erms, clmul, bmi1, bmi2, adx, sha, fma, vzeroupper, clflush, clflushopt, clwb, hv, serialize, rdtscp, rdpid, fsrm, f16c, cet_ibt, cet_ss
Processor Information for processor 0
  Max Mhz: 1700, Current Mhz: 1700, Mhz Limit: 1700
Processor Information for processor 1
  Max Mhz: 1700, Current Mhz: 1700, Mhz Limit: 1700
Processor Information for processor 2
  Max Mhz: 1700, Current Mhz: 1700, Mhz Limit: 1700
Processor Information for processor 3
  Max Mhz: 1700, Current Mhz: 1700, Mhz Limit: 1700
Processor Information for processor 4
  Max Mhz: 1700, Current Mhz: 1200, Mhz Limit: 1190
Processor Information for processor 5
  Max Mhz: 1700, Current Mhz: 1200, Mhz Limit: 1190
Processor Information for processor 6
  Max Mhz: 1700, Current Mhz: 1200, Mhz Limit: 1190
Processor Information for processor 7
  Max Mhz: 1700, Current Mhz: 1200, Mhz Limit: 1190
Processor Information for processor 8
  Max Mhz: 1700, Current Mhz: 1200, Mhz Limit: 1190
Processor Information for processor 9
  Max Mhz: 1700, Current Mhz: 1200, Mhz Limit: 1190
Processor Information for processor 10
  Max Mhz: 1700, Current Mhz: 1200, Mhz Limit: 1190
Processor Information for processor 11
  Max Mhz: 1700, Current Mhz: 1200, Mhz Limit: 1190

Memory: 4k page, system-wide physical 16016M (3790M free)
TotalPageFile size 23440M (AvailPageFile size 4439M)
current process WorkingSet (physical memory assigned to process): 262M, peak: 293M
current process commit charge ("private bytes"): 319M, peak: 378M

vm_info: OpenJDK 64-Bit Server VM (21.0.2+13-LTS) for windows-amd64 JRE (21.0.2+13-LTS), built on 2024-01-16T00:00:00Z by "admin" with unknown MS VC++:1937

END.
